<?xml version="1.0" encoding="UTF-8" ?>
<testsuite 
errors="0" failures="0" hostname="czp" name="org.apache.spark.sql.catalyst.encoders.ExpressionEncoderSuite" tests="270" time="4.22" timestamp="2020-01-07T15:06:08">
  <properties>
    <property name="java.runtime.name" value="OpenJDK Runtime Environment"/>
    <property 
    name="sun.boot.library.path" value="/usr/lib/jvm/java-8-openjdk-amd64/jre/lib/amd64">
</property>
    <property name="java.vm.version" value="25.232-b09"/>
    <property name="java.vm.vendor" value="Private Build"/>
    <property name="java.vendor.url" value="http://java.oracle.com/"/>
    <property name="path.separator" value=":"/>
    <property name="java.vm.name" value="OpenJDK 64-Bit Server VM"/>
    <property name="file.encoding.pkg" value="sun.io"/>
    <property name="user.country" value="US"/>
    <property name="sun.java.launcher" value="SUN_STANDARD"/>
    <property name="sun.os.patch.level" value="unknown"/>
    <property 
    name="java.vm.specification.name" value="Java Virtual Machine Specification">
</property>
    <property name="user.dir" value="/home/czp/workspace/Demo2/sql/catalyst"/>
    <property 
    name="java.runtime.version" value="1.8.0_232-8u232-b09-0ubuntu1~16.04.1-b09">
</property>
    <property name="spark.ui.enabled" value="false"/>
    <property 
    name="java.awt.graphicsenv" value="sun.awt.X11GraphicsEnvironment">
</property>
    <property name="basedir" value="/home/czp/workspace/Demo2/sql/catalyst"/>
    <property 
    name="java.endorsed.dirs" value="/usr/lib/jvm/java-8-openjdk-amd64/jre/lib/endorsed">
</property>
    <property name="os.arch" value="amd64"/>
    <property 
    name="java.io.tmpdir" value="/home/czp/workspace/Demo2/sql/catalyst/target/tmp">
</property>
    <property name="derby.system.durability" value="test"/>
    <property name="line.separator" value=" "/>
    <property name="java.vm.specification.vendor" value="Oracle Corporation"/>
    <property name="os.name" value="Linux"/>
    <property name="io.netty.tryReflectionSetAccessible" value="true"/>
    <property 
    name="log4j.configuration" value="file:src/test/resources/log4j.properties">
</property>
    <property name="sun.jnu.encoding" value="UTF-8"/>
    <property name="spark.ui.showConsoleProgress" value="false"/>
    <property 
    name="java.library.path" value="/usr/java/packages/lib/amd64:/usr/lib/x86_64-linux-gnu/jni:/lib/x86_64-linux-gnu:/usr/lib/x86_64-linux-gnu:/usr/lib/jni:/lib:/usr/lib">
</property>
    <property 
    name="java.specification.name" value="Java Platform API Specification">
</property>
    <property name="java.class.version" value="52.0"/>
    <property 
    name="sun.management.compiler" value="HotSpot 64-Bit Tiered Compilers">
</property>
    <property name="os.version" value="4.15.0-72-generic"/>
    <property name="user.home" value="/home/czp"/>
    <property name="user.timezone" value=""/>
    <property name="java.awt.printerjob" value="sun.print.PSPrinterJob"/>
    <property name="java.specification.version" value="1.8"/>
    <property name="file.encoding" value="UTF-8"/>
    <property name="spark.testing" value="1"/>
    <property name="user.name" value="czp"/>
    <property 
    name="java.class.path" value="/home/czp/workspace/Demo2/sql/catalyst/target/scala-2.12/test-classes:/home/czp/workspace/Demo2/sql/catalyst/target/scala-2.12/classes:/home/czp/.m2/repository/org/scala-lang/scala-reflect/2.12.10/scala-reflect-2.12.10.jar:/home/czp/.m2/repository/org/scala-lang/scala-library/2.12.10/scala-library-2.12.10.jar:/home/czp/.m2/repository/org/scala-lang/modules/scala-parser-combinators_2.12/1.1.2/scala-parser-combinators_2.12-1.1.2.jar:/home/czp/.m2/repository/org/apache/spark/spark-core_2.12/3.0.0-preview2/spark-core_2.12-3.0.0-preview2.jar:/home/czp/.m2/repository/com/thoughtworks/paranamer/paranamer/2.8/paranamer-2.8.jar:/home/czp/.m2/repository/org/apache/avro/avro/1.8.2/avro-1.8.2.jar:/home/czp/.m2/repository/org/codehaus/jackson/jackson-core-asl/1.9.13/jackson-core-asl-1.9.13.jar:/home/czp/.m2/repository/org/codehaus/jackson/jackson-mapper-asl/1.9.13/jackson-mapper-asl-1.9.13.jar:/home/czp/.m2/repository/org/apache/commons/commons-compress/1.8.1/commons-compress-1.8.1.jar:/home/czp/.m2/repository/org/tukaani/xz/1.5/xz-1.5.jar:/home/czp/.m2/repository/org/apache/avro/avro-mapred/1.8.2/avro-mapred-1.8.2-hadoop2.jar:/home/czp/.m2/repository/org/apache/avro/avro-ipc/1.8.2/avro-ipc-1.8.2.jar:/home/czp/.m2/repository/com/twitter/chill_2.12/0.9.3/chill_2.12-0.9.3.jar:/home/czp/.m2/repository/com/esotericsoftware/kryo-shaded/4.0.2/kryo-shaded-4.0.2.jar:/home/czp/.m2/repository/com/esotericsoftware/minlog/1.3.0/minlog-1.3.0.jar:/home/czp/.m2/repository/com/twitter/chill-java/0.9.3/chill-java-0.9.3.jar:/home/czp/.m2/repository/org/apache/xbean/xbean-asm7-shaded/4.15/xbean-asm7-shaded-4.15.jar:/home/czp/.m2/repository/org/apache/hadoop/hadoop-client/2.7.4/hadoop-client-2.7.4.jar:/home/czp/.m2/repository/org/apache/hadoop/hadoop-common/2.7.4/hadoop-common-2.7.4.jar:/home/czp/.m2/repository/commons-cli/commons-cli/1.2/commons-cli-1.2.jar:/home/czp/.m2/repository/xmlenc/xmlenc/0.52/xmlenc-0.52.jar:/home/czp/.m2/repository/commons-httpclient/commons-httpclient/3.1/commons-httpclient-3.1.jar:/home/czp/.m2/repository/commons-io/commons-io/2.4/commons-io-2.4.jar:/home/czp/.m2/repository/commons-collections/commons-collections/3.2.2/commons-collections-3.2.2.jar:/home/czp/.m2/repository/org/mortbay/jetty/jetty-sslengine/6.1.26/jetty-sslengine-6.1.26.jar:/home/czp/.m2/repository/javax/servlet/jsp/jsp-api/2.1/jsp-api-2.1.jar:/home/czp/.m2/repository/commons-lang/commons-lang/2.6/commons-lang-2.6.jar:/home/czp/.m2/repository/commons-configuration/commons-configuration/1.6/commons-configuration-1.6.jar:/home/czp/.m2/repository/commons-digester/commons-digester/1.8/commons-digester-1.8.jar:/home/czp/.m2/repository/commons-beanutils/commons-beanutils/1.9.4/commons-beanutils-1.9.4.jar:/home/czp/.m2/repository/com/google/protobuf/protobuf-java/2.5.0/protobuf-java-2.5.0.jar:/home/czp/.m2/repository/com/google/code/gson/gson/2.2.4/gson-2.2.4.jar:/home/czp/.m2/repository/org/apache/hadoop/hadoop-auth/2.7.4/hadoop-auth-2.7.4.jar:/home/czp/.m2/repository/org/apache/httpcomponents/httpclient/4.5.6/httpclient-4.5.6.jar:/home/czp/.m2/repository/org/apache/httpcomponents/httpcore/4.4.12/httpcore-4.4.12.jar:/home/czp/.m2/repository/org/apache/directory/server/apacheds-kerberos-codec/2.0.0-M15/apacheds-kerberos-codec-2.0.0-M15.jar:/home/czp/.m2/repository/org/apache/directory/server/apacheds-i18n/2.0.0-M15/apacheds-i18n-2.0.0-M15.jar:/home/czp/.m2/repository/org/apache/directory/api/api-asn1-api/1.0.0-M20/api-asn1-api-1.0.0-M20.jar:/home/czp/.m2/repository/org/apache/directory/api/api-util/1.0.0-M20/api-util-1.0.0-M20.jar:/home/czp/.m2/repository/org/apache/curator/curator-client/2.7.1/curator-client-2.7.1.jar:/home/czp/.m2/repository/org/apache/htrace/htrace-core/3.1.0-incubating/htrace-core-3.1.0-incubating.jar:/home/czp/.m2/repository/org/apache/hadoop/hadoop-hdfs/2.7.4/hadoop-hdfs-2.7.4.jar:/home/czp/.m2/repository/org/mortbay/jetty/jetty-util/6.1.26/jetty-util-6.1.26.jar:/home/czp/.m2/repository/xerces/xercesImpl/2.9.1/xercesImpl-2.9.1.jar:/home/czp/.m2/repository/xml-apis/xml-apis/1.4.01/xml-apis-1.4.01.jar:/home/czp/.m2/repository/org/apache/hadoop/hadoop-mapreduce-client-app/2.7.4/hadoop-mapreduce-client-app-2.7.4.jar:/home/czp/.m2/repository/org/apache/hadoop/hadoop-mapreduce-client-common/2.7.4/hadoop-mapreduce-client-common-2.7.4.jar:/home/czp/.m2/repository/org/apache/hadoop/hadoop-yarn-client/2.7.4/hadoop-yarn-client-2.7.4.jar:/home/czp/.m2/repository/org/apache/hadoop/hadoop-yarn-server-common/2.7.4/hadoop-yarn-server-common-2.7.4.jar:/home/czp/.m2/repository/org/apache/hadoop/hadoop-mapreduce-client-shuffle/2.7.4/hadoop-mapreduce-client-shuffle-2.7.4.jar:/home/czp/.m2/repository/org/apache/hadoop/hadoop-yarn-api/2.7.4/hadoop-yarn-api-2.7.4.jar:/home/czp/.m2/repository/org/apache/hadoop/hadoop-mapreduce-client-core/2.7.4/hadoop-mapreduce-client-core-2.7.4.jar:/home/czp/.m2/repository/org/apache/hadoop/hadoop-yarn-common/2.7.4/hadoop-yarn-common-2.7.4.jar:/home/czp/.m2/repository/javax/xml/bind/jaxb-api/2.2.2/jaxb-api-2.2.2.jar:/home/czp/.m2/repository/javax/xml/stream/stax-api/1.0-2/stax-api-1.0-2.jar:/home/czp/.m2/repository/org/codehaus/jackson/jackson-jaxrs/1.9.13/jackson-jaxrs-1.9.13.jar:/home/czp/.m2/repository/org/codehaus/jackson/jackson-xc/1.9.13/jackson-xc-1.9.13.jar:/home/czp/.m2/repository/org/apache/hadoop/hadoop-mapreduce-client-jobclient/2.7.4/hadoop-mapreduce-client-jobclient-2.7.4.jar:/home/czp/.m2/repository/org/apache/hadoop/hadoop-annotations/2.7.4/hadoop-annotations-2.7.4.jar:/home/czp/.m2/repository/org/apache/spark/spark-launcher_2.12/3.0.0-preview2/spark-launcher_2.12-3.0.0-preview2.jar:/home/czp/.m2/repository/org/apache/spark/spark-kvstore_2.12/3.0.0-preview2/spark-kvstore_2.12-3.0.0-preview2.jar:/home/czp/.m2/repository/org/fusesource/leveldbjni/leveldbjni-all/1.8/leveldbjni-all-1.8.jar:/home/czp/.m2/repository/com/fasterxml/jackson/core/jackson-annotations/2.10.0/jackson-annotations-2.10.0.jar:/home/czp/.m2/repository/org/apache/spark/spark-network-common_2.12/3.0.0-preview2/spark-network-common_2.12-3.0.0-preview2.jar:/home/czp/.m2/repository/org/apache/spark/spark-network-shuffle_2.12/3.0.0-preview2/spark-network-shuffle_2.12-3.0.0-preview2.jar:/home/czp/.m2/repository/javax/activation/activation/1.1.1/activation-1.1.1.jar:/home/czp/.m2/repository/org/apache/curator/curator-recipes/2.7.1/curator-recipes-2.7.1.jar:/home/czp/.m2/repository/org/apache/curator/curator-framework/2.7.1/curator-framework-2.7.1.jar:/home/czp/.m2/repository/com/google/guava/guava/14.0.1/guava-14.0.1.jar:/home/czp/.m2/repository/org/apache/zookeeper/zookeeper/3.4.14/zookeeper-3.4.14.jar:/home/czp/.m2/repository/org/apache/yetus/audience-annotations/0.5.0/audience-annotations-0.5.0.jar:/home/czp/.m2/repository/javax/servlet/javax.servlet-api/3.1.0/javax.servlet-api-3.1.0.jar:/home/czp/.m2/repository/org/apache/commons/commons-lang3/3.9/commons-lang3-3.9.jar:/home/czp/.m2/repository/org/apache/commons/commons-math3/3.4.1/commons-math3-3.4.1.jar:/home/czp/.m2/repository/org/apache/commons/commons-text/1.6/commons-text-1.6.jar:/home/czp/.m2/repository/com/google/code/findbugs/jsr305/3.0.0/jsr305-3.0.0.jar:/home/czp/.m2/repository/org/slf4j/slf4j-api/1.7.16/slf4j-api-1.7.16.jar:/home/czp/.m2/repository/org/slf4j/jul-to-slf4j/1.7.16/jul-to-slf4j-1.7.16.jar:/home/czp/.m2/repository/org/slf4j/jcl-over-slf4j/1.7.16/jcl-over-slf4j-1.7.16.jar:/home/czp/.m2/repository/log4j/log4j/1.2.17/log4j-1.2.17.jar:/home/czp/.m2/repository/org/slf4j/slf4j-log4j12/1.7.16/slf4j-log4j12-1.7.16.jar:/home/czp/.m2/repository/com/ning/compress-lzf/1.0.3/compress-lzf-1.0.3.jar:/home/czp/.m2/repository/org/xerial/snappy/snappy-java/1.1.7.3/snappy-java-1.1.7.3.jar:/home/czp/.m2/repository/org/lz4/lz4-java/1.7.0/lz4-java-1.7.0.jar:/home/czp/.m2/repository/com/github/luben/zstd-jni/1.4.4-3/zstd-jni-1.4.4-3.jar:/home/czp/.m2/repository/org/roaringbitmap/RoaringBitmap/0.7.45/RoaringBitmap-0.7.45.jar:/home/czp/.m2/repository/org/roaringbitmap/shims/0.7.45/shims-0.7.45.jar:/home/czp/.m2/repository/commons-net/commons-net/3.1/commons-net-3.1.jar:/home/czp/.m2/repository/org/scala-lang/modules/scala-xml_2.12/1.2.0/scala-xml_2.12-1.2.0.jar:/home/czp/.m2/repository/org/json4s/json4s-jackson_2.12/3.6.6/json4s-jackson_2.12-3.6.6.jar:/home/czp/.m2/repository/org/json4s/json4s-core_2.12/3.6.6/json4s-core_2.12-3.6.6.jar:/home/czp/.m2/repository/org/json4s/json4s-ast_2.12/3.6.6/json4s-ast_2.12-3.6.6.jar:/home/czp/.m2/repository/org/json4s/json4s-scalap_2.12/3.6.6/json4s-scalap_2.12-3.6.6.jar:/home/czp/.m2/repository/org/glassfish/jersey/core/jersey-client/2.29.1/jersey-client-2.29.1.jar:/home/czp/.m2/repository/jakarta/ws/rs/jakarta.ws.rs-api/2.1.6/jakarta.ws.rs-api-2.1.6.jar:/home/czp/.m2/repository/org/glassfish/hk2/external/jakarta.inject/2.6.1/jakarta.inject-2.6.1.jar:/home/czp/.m2/repository/org/glassfish/jersey/core/jersey-common/2.29.1/jersey-common-2.29.1.jar:/home/czp/.m2/repository/jakarta/annotation/jakarta.annotation-api/1.3.5/jakarta.annotation-api-1.3.5.jar:/home/czp/.m2/repository/org/glassfish/hk2/osgi-resource-locator/1.0.3/osgi-resource-locator-1.0.3.jar:/home/czp/.m2/repository/org/glassfish/jersey/core/jersey-server/2.29.1/jersey-server-2.29.1.jar:/home/czp/.m2/repository/org/glassfish/jersey/media/jersey-media-jaxb/2.29.1/jersey-media-jaxb-2.29.1.jar:/home/czp/.m2/repository/jakarta/validation/jakarta.validation-api/2.0.2/jakarta.validation-api-2.0.2.jar:/home/czp/.m2/repository/org/glassfish/jersey/containers/jersey-container-servlet/2.29.1/jersey-container-servlet-2.29.1.jar:/home/czp/.m2/repository/org/glassfish/jersey/containers/jersey-container-servlet-core/2.29.1/jersey-container-servlet-core-2.29.1.jar:/home/czp/.m2/repository/org/glassfish/jersey/inject/jersey-hk2/2.29.1/jersey-hk2-2.29.1.jar:/home/czp/.m2/repository/org/glassfish/hk2/hk2-locator/2.6.1/hk2-locator-2.6.1.jar:/home/czp/.m2/repository/org/glassfish/hk2/external/aopalliance-repackaged/2.6.1/aopalliance-repackaged-2.6.1.jar:/home/czp/.m2/repository/org/glassfish/hk2/hk2-api/2.6.1/hk2-api-2.6.1.jar:/home/czp/.m2/repository/org/glassfish/hk2/hk2-utils/2.6.1/hk2-utils-2.6.1.jar:/home/czp/.m2/repository/org/javassist/javassist/3.22.0-CR2/javassist-3.22.0-CR2.jar:/home/czp/.m2/repository/io/netty/netty-all/4.1.42.Final/netty-all-4.1.42.Final.jar:/home/czp/.m2/repository/com/clearspring/analytics/stream/2.9.6/stream-2.9.6.jar:/home/czp/.m2/repository/io/dropwizard/metrics/metrics-core/4.1.1/metrics-core-4.1.1.jar:/home/czp/.m2/repository/io/dropwizard/metrics/metrics-jvm/4.1.1/metrics-jvm-4.1.1.jar:/home/czp/.m2/repository/io/dropwizard/metrics/metrics-json/4.1.1/metrics-json-4.1.1.jar:/home/czp/.m2/repository/io/dropwizard/metrics/metrics-graphite/4.1.1/metrics-graphite-4.1.1.jar:/home/czp/.m2/repository/io/dropwizard/metrics/metrics-jmx/4.1.1/metrics-jmx-4.1.1.jar:/home/czp/.m2/repository/com/fasterxml/jackson/core/jackson-databind/2.10.0/jackson-databind-2.10.0.jar:/home/czp/.m2/repository/com/fasterxml/jackson/module/jackson-module-scala_2.12/2.10.0/jackson-module-scala_2.12-2.10.0.jar:/home/czp/.m2/repository/com/fasterxml/jackson/module/jackson-module-paranamer/2.10.0/jackson-module-paranamer-2.10.0.jar:/home/czp/.m2/repository/org/apache/ivy/ivy/2.4.0/ivy-2.4.0.jar:/home/czp/.m2/repository/oro/oro/2.0.8/oro-2.0.8.jar:/home/czp/.m2/repository/net/razorvine/pyrolite/4.30/pyrolite-4.30.jar:/home/czp/.m2/repository/net/sf/py4j/py4j/0.10.8.1/py4j-0.10.8.1.jar:/home/czp/.m2/repository/org/apache/commons/commons-crypto/1.0.0/commons-crypto-1.0.0.jar:/home/czp/.m2/repository/org/apache/spark/spark-core_2.12/3.0.0-preview2/spark-core_2.12-3.0.0-preview2-tests.jar:/home/czp/.m2/repository/org/apache/spark/spark-tags_2.12/3.0.0-preview2/spark-tags_2.12-3.0.0-preview2.jar:/home/czp/.m2/repository/org/apache/spark/spark-tags_2.12/3.0.0-preview2/spark-tags_2.12-3.0.0-preview2-tests.jar:/home/czp/.m2/repository/org/mockito/mockito-core/3.1.0/mockito-core-3.1.0.jar:/home/czp/.m2/repository/net/bytebuddy/byte-buddy/1.9.10/byte-buddy-1.9.10.jar:/home/czp/.m2/repository/net/bytebuddy/byte-buddy-agent/1.9.10/byte-buddy-agent-1.9.10.jar:/home/czp/.m2/repository/org/objenesis/objenesis/2.6/objenesis-2.6.jar:/home/czp/.m2/repository/org/apache/spark/spark-unsafe_2.12/3.0.0-preview2/spark-unsafe_2.12-3.0.0-preview2.jar:/home/czp/.m2/repository/org/apache/spark/spark-sketch_2.12/3.0.0-preview2/spark-sketch_2.12-3.0.0-preview2.jar:/home/czp/.m2/repository/org/scalacheck/scalacheck_2.12/1.14.2/scalacheck_2.12-1.14.2.jar:/home/czp/.m2/repository/org/scala-sbt/test-interface/1.0/test-interface-1.0.jar:/home/czp/.m2/repository/org/codehaus/janino/janino/3.0.15/janino-3.0.15.jar:/home/czp/.m2/repository/org/codehaus/janino/commons-compiler/3.0.15/commons-compiler-3.0.15.jar:/home/czp/.m2/repository/org/antlr/antlr4-runtime/4.7.1/antlr4-runtime-4.7.1.jar:/home/czp/.m2/repository/commons-codec/commons-codec/1.10/commons-codec-1.10.jar:/home/czp/.m2/repository/com/univocity/univocity-parsers/2.8.3/univocity-parsers-2.8.3.jar:/home/czp/.m2/repository/org/apache/arrow/arrow-vector/0.15.1/arrow-vector-0.15.1.jar:/home/czp/.m2/repository/org/apache/arrow/arrow-format/0.15.1/arrow-format-0.15.1.jar:/home/czp/.m2/repository/org/apache/arrow/arrow-memory/0.15.1/arrow-memory-0.15.1.jar:/home/czp/.m2/repository/com/fasterxml/jackson/core/jackson-core/2.10.0/jackson-core-2.10.0.jar:/home/czp/.m2/repository/com/google/flatbuffers/flatbuffers-java/1.9.0/flatbuffers-java-1.9.0.jar:/home/czp/.m2/repository/org/spark-project/spark/unused/1.0.0/unused-1.0.0.jar:/home/czp/.m2/repository/org/scalatest/scalatest_2.12/3.0.8/scalatest_2.12-3.0.8.jar:/home/czp/.m2/repository/org/scalactic/scalactic_2.12/3.0.8/scalactic_2.12-3.0.8.jar:/home/czp/.m2/repository/junit/junit/4.12/junit-4.12.jar:/home/czp/.m2/repository/org/hamcrest/hamcrest-core/1.3/hamcrest-core-1.3.jar:/home/czp/.m2/repository/com/novocode/junit-interface/0.11/junit-interface-0.11.jar">
</property>
    <property name="java.vm.specification.version" value="1.8"/>
    <property name="sun.arch.data.model" value="64"/>
    <property name="java.home" value="/usr/lib/jvm/java-8-openjdk-amd64/jre"/>
    <property 
    name="sun.java.command" value="org.scalatest.tools.Runner -R /home/czp/workspace/Demo2/sql/catalyst/target/scala-2.12/classes /home/czp/workspace/Demo2/sql/catalyst/target/scala-2.12/test-classes -o -f /home/czp/workspace/Demo2/sql/catalyst/target/surefire-reports/SparkTestSuite.txt -u /home/czp/workspace/Demo2/sql/catalyst/target/surefire-reports/.">
</property>
    <property name="java.specification.vendor" value="Oracle Corporation"/>
    <property name="user.language" value="en"/>
    <property name="awt.toolkit" value="sun.awt.X11.XToolkit"/>
    <property name="java.vm.info" value="mixed mode"/>
    <property name="java.version" value="1.8.0_232"/>
    <property 
    name="java.ext.dirs" value="/usr/lib/jvm/java-8-openjdk-amd64/jre/lib/ext:/usr/java/packages/lib/ext">
</property>
    <property 
    name="sun.boot.class.path" value="/usr/lib/jvm/java-8-openjdk-amd64/jre/lib/resources.jar:/usr/lib/jvm/java-8-openjdk-amd64/jre/lib/rt.jar:/usr/lib/jvm/java-8-openjdk-amd64/jre/lib/sunrsasign.jar:/usr/lib/jvm/java-8-openjdk-amd64/jre/lib/jsse.jar:/usr/lib/jvm/java-8-openjdk-amd64/jre/lib/jce.jar:/usr/lib/jvm/java-8-openjdk-amd64/jre/lib/charsets.jar:/usr/lib/jvm/java-8-openjdk-amd64/jre/lib/jfr.jar:/usr/lib/jvm/java-8-openjdk-amd64/jre/classes">
</property>
    <property 
    name="spark.test.home" value="/home/czp/workspace/Demo2/sql/catalyst">
</property>
    <property name="java.vendor" value="Private Build"/>
    <property name="java.awt.headless" value="true"/>
    <property name="file.separator" value="/"/>
    <property 
    name="java.vendor.url.bug" value="http://bugreport.sun.com/bugreport/">
</property>
    <property name="spark.unsafe.exceptionOnMemoryLeak" value="true"/>
    <property name="sun.cpu.endian" value="little"/>
    <property name="sun.io.unicode.encoding" value="UnicodeLittle"/>
    <property name="sun.desktop" value="gnome"/>
    <property name="test.src.tables" value="__not_used__"/>
    <property name="sun.cpu.isalist" value=""/>
  </properties>
  <testcase 
  name="encode/decode for primitive boolean: false (codegen path)" classname="org.apache.spark.sql.catalyst.encoders.ExpressionEncoderSuite" time="0.06">
</testcase>
  <testcase 
  name="encode/decode for primitive boolean: false (interpreted path)" classname="org.apache.spark.sql.catalyst.encoders.ExpressionEncoderSuite" time="0.004">
</testcase>
  <testcase 
  name="encode/decode for primitive byte: -3 (codegen path)" classname="org.apache.spark.sql.catalyst.encoders.ExpressionEncoderSuite" time="0.028">
</testcase>
  <testcase 
  name="encode/decode for primitive byte: -3 (interpreted path)" classname="org.apache.spark.sql.catalyst.encoders.ExpressionEncoderSuite" time="0.003">
</testcase>
  <testcase 
  name="encode/decode for primitive short: -3 (codegen path)" classname="org.apache.spark.sql.catalyst.encoders.ExpressionEncoderSuite" time="0.026">
</testcase>
  <testcase 
  name="encode/decode for primitive short: -3 (interpreted path)" classname="org.apache.spark.sql.catalyst.encoders.ExpressionEncoderSuite" time="0.004">
</testcase>
  <testcase 
  name="encode/decode for primitive int: -3 (codegen path)" classname="org.apache.spark.sql.catalyst.encoders.ExpressionEncoderSuite" time="0.026">
</testcase>
  <testcase 
  name="encode/decode for primitive int: -3 (interpreted path)" classname="org.apache.spark.sql.catalyst.encoders.ExpressionEncoderSuite" time="0.003">
</testcase>
  <testcase 
  name="encode/decode for primitive long: -3 (codegen path)" classname="org.apache.spark.sql.catalyst.encoders.ExpressionEncoderSuite" time="0.026">
</testcase>
  <testcase 
  name="encode/decode for primitive long: -3 (interpreted path)" classname="org.apache.spark.sql.catalyst.encoders.ExpressionEncoderSuite" time="0.003">
</testcase>
  <testcase 
  name="encode/decode for primitive float: -3.7 (codegen path)" classname="org.apache.spark.sql.catalyst.encoders.ExpressionEncoderSuite" time="0.026">
</testcase>
  <testcase 
  name="encode/decode for primitive float: -3.7 (interpreted path)" classname="org.apache.spark.sql.catalyst.encoders.ExpressionEncoderSuite" time="0.003">
</testcase>
  <testcase 
  name="encode/decode for primitive double: -3.7 (codegen path)" classname="org.apache.spark.sql.catalyst.encoders.ExpressionEncoderSuite" time="0.027">
</testcase>
  <testcase 
  name="encode/decode for primitive double: -3.7 (interpreted path)" classname="org.apache.spark.sql.catalyst.encoders.ExpressionEncoderSuite" time="0.002">
</testcase>
  <testcase 
  name="encode/decode for boxed boolean: false (codegen path)" classname="org.apache.spark.sql.catalyst.encoders.ExpressionEncoderSuite" time="0.028">
</testcase>
  <testcase 
  name="encode/decode for boxed boolean: false (interpreted path)" classname="org.apache.spark.sql.catalyst.encoders.ExpressionEncoderSuite" time="0.003">
</testcase>
  <testcase 
  name="encode/decode for boxed byte: -3 (codegen path)" classname="org.apache.spark.sql.catalyst.encoders.ExpressionEncoderSuite" time="0.028">
</testcase>
  <testcase 
  name="encode/decode for boxed byte: -3 (interpreted path)" classname="org.apache.spark.sql.catalyst.encoders.ExpressionEncoderSuite" time="0.003">
</testcase>
  <testcase 
  name="encode/decode for boxed short: -3 (codegen path)" classname="org.apache.spark.sql.catalyst.encoders.ExpressionEncoderSuite" time="0.027">
</testcase>
  <testcase 
  name="encode/decode for boxed short: -3 (interpreted path)" classname="org.apache.spark.sql.catalyst.encoders.ExpressionEncoderSuite" time="0.003">
</testcase>
  <testcase 
  name="encode/decode for boxed int: -3 (codegen path)" classname="org.apache.spark.sql.catalyst.encoders.ExpressionEncoderSuite" time="0.028">
</testcase>
  <testcase 
  name="encode/decode for boxed int: -3 (interpreted path)" classname="org.apache.spark.sql.catalyst.encoders.ExpressionEncoderSuite" time="0.002">
</testcase>
  <testcase 
  name="encode/decode for boxed long: -3 (codegen path)" classname="org.apache.spark.sql.catalyst.encoders.ExpressionEncoderSuite" time="0.028">
</testcase>
  <testcase 
  name="encode/decode for boxed long: -3 (interpreted path)" classname="org.apache.spark.sql.catalyst.encoders.ExpressionEncoderSuite" time="0.003">
</testcase>
  <testcase 
  name="encode/decode for boxed float: -3.7 (codegen path)" classname="org.apache.spark.sql.catalyst.encoders.ExpressionEncoderSuite" time="0.029">
</testcase>
  <testcase 
  name="encode/decode for boxed float: -3.7 (interpreted path)" classname="org.apache.spark.sql.catalyst.encoders.ExpressionEncoderSuite" time="0.003">
</testcase>
  <testcase 
  name="encode/decode for boxed double: -3.7 (codegen path)" classname="org.apache.spark.sql.catalyst.encoders.ExpressionEncoderSuite" time="0.03">
</testcase>
  <testcase 
  name="encode/decode for boxed double: -3.7 (interpreted path)" classname="org.apache.spark.sql.catalyst.encoders.ExpressionEncoderSuite" time="0.003">
</testcase>
  <testcase 
  name="encode/decode for scala decimal: 32131413.211321313 (codegen path)" classname="org.apache.spark.sql.catalyst.encoders.ExpressionEncoderSuite" time="0.039">
</testcase>
  <testcase 
  name="encode/decode for scala decimal: 32131413.211321313 (interpreted path)" classname="org.apache.spark.sql.catalyst.encoders.ExpressionEncoderSuite" time="0.003">
</testcase>
  <testcase 
  name="encode/decode for java decimal: 231341.23123 (codegen path)" classname="org.apache.spark.sql.catalyst.encoders.ExpressionEncoderSuite" time="0.034">
</testcase>
  <testcase 
  name="encode/decode for java decimal: 231341.23123 (interpreted path)" classname="org.apache.spark.sql.catalyst.encoders.ExpressionEncoderSuite" time="0.002">
</testcase>
  <testcase 
  name="encode/decode for scala biginteger: 23134123123 (codegen path)" classname="org.apache.spark.sql.catalyst.encoders.ExpressionEncoderSuite" time="0.033">
</testcase>
  <testcase 
  name="encode/decode for scala biginteger: 23134123123 (interpreted path)" classname="org.apache.spark.sql.catalyst.encoders.ExpressionEncoderSuite" time="0.003">
</testcase>
  <testcase 
  name="encode/decode for java BigInteger: 23134123123 (codegen path)" classname="org.apache.spark.sql.catalyst.encoders.ExpressionEncoderSuite" time="0.036">
</testcase>
  <testcase 
  name="encode/decode for java BigInteger: 23134123123 (interpreted path)" classname="org.apache.spark.sql.catalyst.encoders.ExpressionEncoderSuite" time="0.003">
</testcase>
  <testcase 
  name="encode/decode for catalyst decimal: 32131413.211321313 (codegen path)" classname="org.apache.spark.sql.catalyst.encoders.ExpressionEncoderSuite" time="0.027">
</testcase>
  <testcase 
  name="encode/decode for catalyst decimal: 32131413.211321313 (interpreted path)" classname="org.apache.spark.sql.catalyst.encoders.ExpressionEncoderSuite" time="0.002">
</testcase>
  <testcase 
  name="encode/decode for string: hello (codegen path)" classname="org.apache.spark.sql.catalyst.encoders.ExpressionEncoderSuite" time="0.032">
</testcase>
  <testcase 
  name="encode/decode for string: hello (interpreted path)" classname="org.apache.spark.sql.catalyst.encoders.ExpressionEncoderSuite" time="0.003">
</testcase>
  <testcase 
  name="encode/decode for date: 2012-12-23 (codegen path)" classname="org.apache.spark.sql.catalyst.encoders.ExpressionEncoderSuite" time="0.034">
</testcase>
  <testcase 
  name="encode/decode for date: 2012-12-23 (interpreted path)" classname="org.apache.spark.sql.catalyst.encoders.ExpressionEncoderSuite" time="0.003">
</testcase>
  <testcase 
  name="encode/decode for timestamp: 2016-01-29 10:00:00.0 (codegen path)" classname="org.apache.spark.sql.catalyst.encoders.ExpressionEncoderSuite" time="0.035">
</testcase>
  <testcase 
  name="encode/decode for timestamp: 2016-01-29 10:00:00.0 (interpreted path)" classname="org.apache.spark.sql.catalyst.encoders.ExpressionEncoderSuite" time="0.002">
</testcase>
  <testcase 
  name="encode/decode for array of timestamp: [Ljava.sql.Timestamp;@7c871ce4 (codegen path)" classname="org.apache.spark.sql.catalyst.encoders.ExpressionEncoderSuite" time="0.039">
</testcase>
  <testcase 
  name="encode/decode for array of timestamp: [Ljava.sql.Timestamp;@7c871ce4 (interpreted path)" classname="org.apache.spark.sql.catalyst.encoders.ExpressionEncoderSuite" time="0.004">
</testcase>
  <testcase 
  name="encode/decode for binary: [B@2c4be45f (codegen path)" classname="org.apache.spark.sql.catalyst.encoders.ExpressionEncoderSuite" time="0.026">
</testcase>
  <testcase 
  name="encode/decode for binary: [B@2c4be45f (interpreted path)" classname="org.apache.spark.sql.catalyst.encoders.ExpressionEncoderSuite" time="0.002">
</testcase>
  <testcase 
  name="encode/decode for seq of int: List(31, -123, 4) (codegen path)" classname="org.apache.spark.sql.catalyst.encoders.ExpressionEncoderSuite" time="0.041">
</testcase>
  <testcase 
  name="encode/decode for seq of int: List(31, -123, 4) (interpreted path)" classname="org.apache.spark.sql.catalyst.encoders.ExpressionEncoderSuite" time="0.003">
</testcase>
  <testcase 
  name="encode/decode for seq of string: List(abc, xyz) (codegen path)" classname="org.apache.spark.sql.catalyst.encoders.ExpressionEncoderSuite" time="0.046">
</testcase>
  <testcase 
  name="encode/decode for seq of string: List(abc, xyz) (interpreted path)" classname="org.apache.spark.sql.catalyst.encoders.ExpressionEncoderSuite" time="0.004">
</testcase>
  <testcase 
  name="encode/decode for seq of string with null: List(abc, null, xyz) (codegen path)" classname="org.apache.spark.sql.catalyst.encoders.ExpressionEncoderSuite" time="0.004">
</testcase>
  <testcase 
  name="encode/decode for seq of string with null: List(abc, null, xyz) (interpreted path)" classname="org.apache.spark.sql.catalyst.encoders.ExpressionEncoderSuite" time="0.004">
</testcase>
  <testcase 
  name="encode/decode for empty seq of int: List() (codegen path)" classname="org.apache.spark.sql.catalyst.encoders.ExpressionEncoderSuite" time="0.003">
</testcase>
  <testcase 
  name="encode/decode for empty seq of int: List() (interpreted path)" classname="org.apache.spark.sql.catalyst.encoders.ExpressionEncoderSuite" time="0.003">
</testcase>
  <testcase 
  name="encode/decode for empty seq of string: List() (codegen path)" classname="org.apache.spark.sql.catalyst.encoders.ExpressionEncoderSuite" time="0.005">
</testcase>
  <testcase 
  name="encode/decode for empty seq of string: List() (interpreted path)" classname="org.apache.spark.sql.catalyst.encoders.ExpressionEncoderSuite" time="0.003">
</testcase>
  <testcase 
  name="encode/decode for seq of seq of int: List(List(31, -123), null, List(4, 67)) (codegen path)" classname="org.apache.spark.sql.catalyst.encoders.ExpressionEncoderSuite" time="0.045">
</testcase>
  <testcase 
  name="encode/decode for seq of seq of int: List(List(31, -123), null, List(4, 67)) (interpreted path)" classname="org.apache.spark.sql.catalyst.encoders.ExpressionEncoderSuite" time="0.005">
</testcase>
  <testcase 
  name="encode/decode for seq of seq of string: List(List(abc, xyz), List(null), null, List(1, null, 2)) (codegen path)" classname="org.apache.spark.sql.catalyst.encoders.ExpressionEncoderSuite" time="0.046">
</testcase>
  <testcase 
  name="encode/decode for seq of seq of string: List(List(abc, xyz), List(null), null, List(1, null, 2)) (interpreted path)" classname="org.apache.spark.sql.catalyst.encoders.ExpressionEncoderSuite" time="0.004">
</testcase>
  <testcase 
  name="encode/decode for array of int: [I@7857cb1d (codegen path)" classname="org.apache.spark.sql.catalyst.encoders.ExpressionEncoderSuite" time="0.033">
</testcase>
  <testcase 
  name="encode/decode for array of int: [I@7857cb1d (interpreted path)" classname="org.apache.spark.sql.catalyst.encoders.ExpressionEncoderSuite" time="0.002">
</testcase>
  <testcase 
  name="encode/decode for array of string: [Ljava.lang.String;@42536da6 (codegen path)" classname="org.apache.spark.sql.catalyst.encoders.ExpressionEncoderSuite" time="0.034">
</testcase>
  <testcase 
  name="encode/decode for array of string: [Ljava.lang.String;@42536da6 (interpreted path)" classname="org.apache.spark.sql.catalyst.encoders.ExpressionEncoderSuite" time="0.003">
</testcase>
  <testcase 
  name="encode/decode for array of string with null: [Ljava.lang.String;@1e592ef2 (codegen path)" classname="org.apache.spark.sql.catalyst.encoders.ExpressionEncoderSuite" time="0.003">
</testcase>
  <testcase 
  name="encode/decode for array of string with null: [Ljava.lang.String;@1e592ef2 (interpreted path)" classname="org.apache.spark.sql.catalyst.encoders.ExpressionEncoderSuite" time="0.003">
</testcase>
  <testcase 
  name="encode/decode for empty array of int: [I@7a51dc38 (codegen path)" classname="org.apache.spark.sql.catalyst.encoders.ExpressionEncoderSuite" time="0.003">
</testcase>
  <testcase 
  name="encode/decode for empty array of int: [I@7a51dc38 (interpreted path)" classname="org.apache.spark.sql.catalyst.encoders.ExpressionEncoderSuite" time="0.003">
</testcase>
  <testcase 
  name="encode/decode for empty array of string: [Ljava.lang.String;@43ca96a0 (codegen path)" classname="org.apache.spark.sql.catalyst.encoders.ExpressionEncoderSuite" time="0.003">
</testcase>
  <testcase 
  name="encode/decode for empty array of string: [Ljava.lang.String;@43ca96a0 (interpreted path)" classname="org.apache.spark.sql.catalyst.encoders.ExpressionEncoderSuite" time="0.003">
</testcase>
  <testcase 
  name="encode/decode for array of array of int: [[I@56e78538 (codegen path)" classname="org.apache.spark.sql.catalyst.encoders.ExpressionEncoderSuite" time="0.032">
</testcase>
  <testcase 
  name="encode/decode for array of array of int: [[I@56e78538 (interpreted path)" classname="org.apache.spark.sql.catalyst.encoders.ExpressionEncoderSuite" time="0.004">
</testcase>
  <testcase 
  name="encode/decode for array of array of string: [[Ljava.lang.String;@67671db1 (codegen path)" classname="org.apache.spark.sql.catalyst.encoders.ExpressionEncoderSuite" time="0.04">
</testcase>
  <testcase 
  name="encode/decode for array of array of string: [[Ljava.lang.String;@67671db1 (interpreted path)" classname="org.apache.spark.sql.catalyst.encoders.ExpressionEncoderSuite" time="0.005">
</testcase>
  <testcase 
  name="encode/decode for map: Map(1 -&gt; a, 2 -&gt; b) (codegen path)" classname="org.apache.spark.sql.catalyst.encoders.ExpressionEncoderSuite" time="0.051">
</testcase>
  <testcase 
  name="encode/decode for map: Map(1 -&gt; a, 2 -&gt; b) (interpreted path)" classname="org.apache.spark.sql.catalyst.encoders.ExpressionEncoderSuite" time="0.003">
</testcase>
  <testcase 
  name="encode/decode for map with null: Map(1 -&gt; a, 2 -&gt; null) (codegen path)" classname="org.apache.spark.sql.catalyst.encoders.ExpressionEncoderSuite" time="0.004">
</testcase>
  <testcase 
  name="encode/decode for map with null: Map(1 -&gt; a, 2 -&gt; null) (interpreted path)" classname="org.apache.spark.sql.catalyst.encoders.ExpressionEncoderSuite" time="0.003">
</testcase>
  <testcase 
  name="encode/decode for map of map: Map(1 -&gt; Map(a -&gt; 1), 2 -&gt; Map(b -&gt; 2)) (codegen path)" classname="org.apache.spark.sql.catalyst.encoders.ExpressionEncoderSuite" time="0.056">
</testcase>
  <testcase 
  name="encode/decode for map of map: Map(1 -&gt; Map(a -&gt; 1), 2 -&gt; Map(b -&gt; 2)) (interpreted path)" classname="org.apache.spark.sql.catalyst.encoders.ExpressionEncoderSuite" time="0.006">
</testcase>
  <testcase 
  name="encode/decode for null seq in tuple: (null) (codegen path)" classname="org.apache.spark.sql.catalyst.encoders.ExpressionEncoderSuite" time="0.038">
</testcase>
  <testcase 
  name="encode/decode for null seq in tuple: (null) (interpreted path)" classname="org.apache.spark.sql.catalyst.encoders.ExpressionEncoderSuite" time="0.003">
</testcase>
  <testcase 
  name="encode/decode for null map in tuple: (null) (codegen path)" classname="org.apache.spark.sql.catalyst.encoders.ExpressionEncoderSuite" time="0.047">
</testcase>
  <testcase 
  name="encode/decode for null map in tuple: (null) (interpreted path)" classname="org.apache.spark.sql.catalyst.encoders.ExpressionEncoderSuite" time="0.003">
</testcase>
  <testcase 
  name="encode/decode for list of int: List(1, 2) (codegen path)" classname="org.apache.spark.sql.catalyst.encoders.ExpressionEncoderSuite" time="0.039">
</testcase>
  <testcase 
  name="encode/decode for list of int: List(1, 2) (interpreted path)" classname="org.apache.spark.sql.catalyst.encoders.ExpressionEncoderSuite" time="0.003">
</testcase>
  <testcase 
  name="encode/decode for list with String and null: List(a, null) (codegen path)" classname="org.apache.spark.sql.catalyst.encoders.ExpressionEncoderSuite" time="0.047">
</testcase>
  <testcase 
  name="encode/decode for list with String and null: List(a, null) (interpreted path)" classname="org.apache.spark.sql.catalyst.encoders.ExpressionEncoderSuite" time="0.003">
</testcase>
  <testcase 
  name="encode/decode for udt with case class: UDTCaseClass(http://spark.apache.org/) (codegen path)" classname="org.apache.spark.sql.catalyst.encoders.ExpressionEncoderSuite" time="0.031">
</testcase>
  <testcase 
  name="encode/decode for udt with case class: UDTCaseClass(http://spark.apache.org/) (interpreted path)" classname="org.apache.spark.sql.catalyst.encoders.ExpressionEncoderSuite" time="0.002">
</testcase>
  <testcase 
  name="encode/decode for kryo string: hello (codegen path)" classname="org.apache.spark.sql.catalyst.encoders.ExpressionEncoderSuite" time="0.041">
</testcase>
  <testcase 
  name="encode/decode for kryo string: hello (interpreted path)" classname="org.apache.spark.sql.catalyst.encoders.ExpressionEncoderSuite" time="0.005">
</testcase>
  <testcase 
  name="encode/decode for kryo object: org.apache.spark.sql.catalyst.encoders.KryoSerializable@f (codegen path)" classname="org.apache.spark.sql.catalyst.encoders.ExpressionEncoderSuite" time="0.028">
</testcase>
  <testcase 
  name="encode/decode for kryo object: org.apache.spark.sql.catalyst.encoders.KryoSerializable@f (interpreted path)" classname="org.apache.spark.sql.catalyst.encoders.ExpressionEncoderSuite" time="0.006">
</testcase>
  <testcase 
  name="encode/decode for java string: hello (codegen path)" classname="org.apache.spark.sql.catalyst.encoders.ExpressionEncoderSuite" time="0.036">
</testcase>
  <testcase 
  name="encode/decode for java string: hello (interpreted path)" classname="org.apache.spark.sql.catalyst.encoders.ExpressionEncoderSuite" time="0.003">
</testcase>
  <testcase 
  name="encode/decode for java object: org.apache.spark.sql.catalyst.encoders.JavaSerializable@f (codegen path)" classname="org.apache.spark.sql.catalyst.encoders.ExpressionEncoderSuite" time="0.02">
</testcase>
  <testcase 
  name="encode/decode for java object: org.apache.spark.sql.catalyst.encoders.JavaSerializable@f (interpreted path)" classname="org.apache.spark.sql.catalyst.encoders.ExpressionEncoderSuite" time="0.002">
</testcase>
  <testcase 
  name="encode/decode for InnerClass: InnerClass(1) (codegen path)" classname="org.apache.spark.sql.catalyst.encoders.ExpressionEncoderSuite" time="0.033">
</testcase>
  <testcase 
  name="encode/decode for InnerClass: InnerClass(1) (interpreted path)" classname="org.apache.spark.sql.catalyst.encoders.ExpressionEncoderSuite" time="0.003">
</testcase>
  <testcase 
  name="encode/decode for array of inner class: [Lorg.apache.spark.sql.catalyst.encoders.ExpressionEncoderSuite$InnerClass;@1e4d93f7 (codegen path)" classname="org.apache.spark.sql.catalyst.encoders.ExpressionEncoderSuite" time="0.036">
</testcase>
  <testcase 
  name="encode/decode for array of inner class: [Lorg.apache.spark.sql.catalyst.encoders.ExpressionEncoderSuite$InnerClass;@1e4d93f7 (interpreted path)" classname="org.apache.spark.sql.catalyst.encoders.ExpressionEncoderSuite" time="0.006">
</testcase>
  <testcase 
  name="encode/decode for array of optional inner class: [Lscala.Option;@31fc658f (codegen path)" classname="org.apache.spark.sql.catalyst.encoders.ExpressionEncoderSuite" time="0.039">
</testcase>
  <testcase 
  name="encode/decode for array of optional inner class: [Lscala.Option;@31fc658f (interpreted path)" classname="org.apache.spark.sql.catalyst.encoders.ExpressionEncoderSuite" time="0.006">
</testcase>
  <testcase 
  name="encode/decode for PrimitiveData: PrimitiveData(1,1,1.0,1.0,1,1,true) (codegen path)" classname="org.apache.spark.sql.catalyst.encoders.ExpressionEncoderSuite" time="0.032">
</testcase>
  <testcase 
  name="encode/decode for PrimitiveData: PrimitiveData(1,1,1.0,1.0,1,1,true) (interpreted path)" classname="org.apache.spark.sql.catalyst.encoders.ExpressionEncoderSuite" time="0.005">
</testcase>
  <testcase 
  name="encode/decode for OptionalData: OptionalData(Some(2),Some(2),Some(2.0),Some(2.0),Some(2),Some(2),Some(true),Some(PrimitiveData(1,1,1.0,1.0,1,1,true))) (codegen path)" classname="org.apache.spark.sql.catalyst.encoders.ExpressionEncoderSuite" time="0.055">
</testcase>
  <testcase 
  name="encode/decode for OptionalData: OptionalData(Some(2),Some(2),Some(2.0),Some(2.0),Some(2),Some(2),Some(true),Some(PrimitiveData(1,1,1.0,1.0,1,1,true))) (interpreted path)" classname="org.apache.spark.sql.catalyst.encoders.ExpressionEncoderSuite" time="0.01">
</testcase>
  <testcase 
  name="encode/decode for OptionalData: OptionalData(None,None,None,None,None,None,None,None) (codegen path)" classname="org.apache.spark.sql.catalyst.encoders.ExpressionEncoderSuite" time="0.016">
</testcase>
  <testcase 
  name="encode/decode for OptionalData: OptionalData(None,None,None,None,None,None,None,None) (interpreted path)" classname="org.apache.spark.sql.catalyst.encoders.ExpressionEncoderSuite" time="0.009">
</testcase>
  <testcase 
  name="encode/decode for Option in array: List(Some(1), None) (codegen path)" classname="org.apache.spark.sql.catalyst.encoders.ExpressionEncoderSuite" time="0.041">
</testcase>
  <testcase 
  name="encode/decode for Option in array: List(Some(1), None) (interpreted path)" classname="org.apache.spark.sql.catalyst.encoders.ExpressionEncoderSuite" time="0.004">
</testcase>
  <testcase 
  name="encode/decode for Option in map: Map(1 -&gt; Some(10), 2 -&gt; Some(20), 3 -&gt; None) (codegen path)" classname="org.apache.spark.sql.catalyst.encoders.ExpressionEncoderSuite" time="0.049">
</testcase>
  <testcase 
  name="encode/decode for Option in map: Map(1 -&gt; Some(10), 2 -&gt; Some(20), 3 -&gt; None) (interpreted path)" classname="org.apache.spark.sql.catalyst.encoders.ExpressionEncoderSuite" time="0.002">
</testcase>
  <testcase 
  name="encode/decode for BoxedData: BoxedData(1,1,1.0,1.0,1,1,true) (codegen path)" classname="org.apache.spark.sql.catalyst.encoders.ExpressionEncoderSuite" time="0.039">
</testcase>
  <testcase 
  name="encode/decode for BoxedData: BoxedData(1,1,1.0,1.0,1,1,true) (interpreted path)" classname="org.apache.spark.sql.catalyst.encoders.ExpressionEncoderSuite" time="0.006">
</testcase>
  <testcase 
  name="encode/decode for BoxedData: BoxedData(null,null,null,null,null,null,null) (codegen path)" classname="org.apache.spark.sql.catalyst.encoders.ExpressionEncoderSuite" time="0.007">
</testcase>
  <testcase 
  name="encode/decode for BoxedData: BoxedData(null,null,null,null,null,null,null) (interpreted path)" classname="org.apache.spark.sql.catalyst.encoders.ExpressionEncoderSuite" time="0.006">
</testcase>
  <testcase 
  name="encode/decode for RepeatedStruct: RepeatedStruct(List(PrimitiveData(1,1,1.0,1.0,1,1,true))) (codegen path)" classname="org.apache.spark.sql.catalyst.encoders.ExpressionEncoderSuite" time="0.052">
</testcase>
  <testcase 
  name="encode/decode for RepeatedStruct: RepeatedStruct(List(PrimitiveData(1,1,1.0,1.0,1,1,true))) (interpreted path)" classname="org.apache.spark.sql.catalyst.encoders.ExpressionEncoderSuite" time="0.009">
</testcase>
  <testcase 
  name="encode/decode for Tuple3: (1,test,PrimitiveData(1,1,1.0,1.0,1,1,true)) (codegen path)" classname="org.apache.spark.sql.catalyst.encoders.ExpressionEncoderSuite" time="0.047">
</testcase>
  <testcase 
  name="encode/decode for Tuple3: (1,test,PrimitiveData(1,1,1.0,1.0,1,1,true)) (interpreted path)" classname="org.apache.spark.sql.catalyst.encoders.ExpressionEncoderSuite" time="0.007">
</testcase>
  <testcase 
  name="encode/decode for RepeatedData: RepeatedData(List(1, 2),List(1, null, 2),Map(1 -&gt; 2),Map(1 -&gt; null),PrimitiveData(1,1,1.0,1.0,1,1,true)) (codegen path)" classname="org.apache.spark.sql.catalyst.encoders.ExpressionEncoderSuite" time="0.069">
</testcase>
  <testcase 
  name="encode/decode for RepeatedData: RepeatedData(List(1, 2),List(1, null, 2),Map(1 -&gt; 2),Map(1 -&gt; null),PrimitiveData(1,1,1.0,1.0,1,1,true)) (interpreted path)" classname="org.apache.spark.sql.catalyst.encoders.ExpressionEncoderSuite" time="0.011">
</testcase>
  <testcase 
  name="encode/decode for NestedArray: NestedArray([[I@47bbf44d) (codegen path)" classname="org.apache.spark.sql.catalyst.encoders.ExpressionEncoderSuite" time="0.036">
</testcase>
  <testcase 
  name="encode/decode for NestedArray: NestedArray([[I@47bbf44d) (interpreted path)" classname="org.apache.spark.sql.catalyst.encoders.ExpressionEncoderSuite" time="0.004">
</testcase>
  <testcase 
  name="encode/decode for Tuple2: (Seq[(String, String)],List((a,b))) (codegen path)" classname="org.apache.spark.sql.catalyst.encoders.ExpressionEncoderSuite" time="0.051">
</testcase>
  <testcase 
  name="encode/decode for Tuple2: (Seq[(String, String)],List((a,b))) (interpreted path)" classname="org.apache.spark.sql.catalyst.encoders.ExpressionEncoderSuite" time="0.006">
</testcase>
  <testcase 
  name="encode/decode for Tuple2: (Seq[(Int, Int)],List((1,2))) (codegen path)" classname="org.apache.spark.sql.catalyst.encoders.ExpressionEncoderSuite" time="0.051">
</testcase>
  <testcase 
  name="encode/decode for Tuple2: (Seq[(Int, Int)],List((1,2))) (interpreted path)" classname="org.apache.spark.sql.catalyst.encoders.ExpressionEncoderSuite" time="0.006">
</testcase>
  <testcase 
  name="encode/decode for Tuple2: (Seq[(Long, Long)],List((1,2))) (codegen path)" classname="org.apache.spark.sql.catalyst.encoders.ExpressionEncoderSuite" time="0.05">
</testcase>
  <testcase 
  name="encode/decode for Tuple2: (Seq[(Long, Long)],List((1,2))) (interpreted path)" classname="org.apache.spark.sql.catalyst.encoders.ExpressionEncoderSuite" time="0.006">
</testcase>
  <testcase 
  name="encode/decode for Tuple2: (Seq[(Float, Float)],List((1.0,2.0))) (codegen path)" classname="org.apache.spark.sql.catalyst.encoders.ExpressionEncoderSuite" time="0.054">
</testcase>
  <testcase 
  name="encode/decode for Tuple2: (Seq[(Float, Float)],List((1.0,2.0))) (interpreted path)" classname="org.apache.spark.sql.catalyst.encoders.ExpressionEncoderSuite" time="0.005">
</testcase>
  <testcase 
  name="encode/decode for Tuple2: (Seq[(Double, Double)],List((1.0,2.0))) (codegen path)" classname="org.apache.spark.sql.catalyst.encoders.ExpressionEncoderSuite" time="0.052">
</testcase>
  <testcase 
  name="encode/decode for Tuple2: (Seq[(Double, Double)],List((1.0,2.0))) (interpreted path)" classname="org.apache.spark.sql.catalyst.encoders.ExpressionEncoderSuite" time="0.005">
</testcase>
  <testcase 
  name="encode/decode for Tuple2: (Seq[(Short, Short)],List((1,2))) (codegen path)" classname="org.apache.spark.sql.catalyst.encoders.ExpressionEncoderSuite" time="0.051">
</testcase>
  <testcase 
  name="encode/decode for Tuple2: (Seq[(Short, Short)],List((1,2))) (interpreted path)" classname="org.apache.spark.sql.catalyst.encoders.ExpressionEncoderSuite" time="0.005">
</testcase>
  <testcase 
  name="encode/decode for Tuple2: (Seq[(Byte, Byte)],List((1,2))) (codegen path)" classname="org.apache.spark.sql.catalyst.encoders.ExpressionEncoderSuite" time="0.053">
</testcase>
  <testcase 
  name="encode/decode for Tuple2: (Seq[(Byte, Byte)],List((1,2))) (interpreted path)" classname="org.apache.spark.sql.catalyst.encoders.ExpressionEncoderSuite" time="0.006">
</testcase>
  <testcase 
  name="encode/decode for Tuple2: (Seq[(Boolean, Boolean)],List((true,false))) (codegen path)" classname="org.apache.spark.sql.catalyst.encoders.ExpressionEncoderSuite" time="0.054">
</testcase>
  <testcase 
  name="encode/decode for Tuple2: (Seq[(Boolean, Boolean)],List((true,false))) (interpreted path)" classname="org.apache.spark.sql.catalyst.encoders.ExpressionEncoderSuite" time="0.005">
</testcase>
  <testcase 
  name="encode/decode for Tuple2: (ArrayBuffer[(String, String)],ArrayBuffer((a,b))) (codegen path)" classname="org.apache.spark.sql.catalyst.encoders.ExpressionEncoderSuite" time="0.067">
</testcase>
  <testcase 
  name="encode/decode for Tuple2: (ArrayBuffer[(String, String)],ArrayBuffer((a,b))) (interpreted path)" classname="org.apache.spark.sql.catalyst.encoders.ExpressionEncoderSuite" time="0.005">
</testcase>
  <testcase 
  name="encode/decode for Tuple2: (ArrayBuffer[(Int, Int)],ArrayBuffer((1,2))) (codegen path)" classname="org.apache.spark.sql.catalyst.encoders.ExpressionEncoderSuite" time="0.055">
</testcase>
  <testcase 
  name="encode/decode for Tuple2: (ArrayBuffer[(Int, Int)],ArrayBuffer((1,2))) (interpreted path)" classname="org.apache.spark.sql.catalyst.encoders.ExpressionEncoderSuite" time="0.006">
</testcase>
  <testcase 
  name="encode/decode for Tuple2: (ArrayBuffer[(Long, Long)],ArrayBuffer((1,2))) (codegen path)" classname="org.apache.spark.sql.catalyst.encoders.ExpressionEncoderSuite" time="0.056">
</testcase>
  <testcase 
  name="encode/decode for Tuple2: (ArrayBuffer[(Long, Long)],ArrayBuffer((1,2))) (interpreted path)" classname="org.apache.spark.sql.catalyst.encoders.ExpressionEncoderSuite" time="0.007">
</testcase>
  <testcase 
  name="encode/decode for Tuple2: (ArrayBuffer[(Float, Float)],ArrayBuffer((1.0,2.0))) (codegen path)" classname="org.apache.spark.sql.catalyst.encoders.ExpressionEncoderSuite" time="0.056">
</testcase>
  <testcase 
  name="encode/decode for Tuple2: (ArrayBuffer[(Float, Float)],ArrayBuffer((1.0,2.0))) (interpreted path)" classname="org.apache.spark.sql.catalyst.encoders.ExpressionEncoderSuite" time="0.006">
</testcase>
  <testcase 
  name="encode/decode for Tuple2: (ArrayBuffer[(Double, Double)],ArrayBuffer((1.0,2.0))) (codegen path)" classname="org.apache.spark.sql.catalyst.encoders.ExpressionEncoderSuite" time="0.058">
</testcase>
  <testcase 
  name="encode/decode for Tuple2: (ArrayBuffer[(Double, Double)],ArrayBuffer((1.0,2.0))) (interpreted path)" classname="org.apache.spark.sql.catalyst.encoders.ExpressionEncoderSuite" time="0.006">
</testcase>
  <testcase 
  name="encode/decode for Tuple2: (ArrayBuffer[(Short, Short)],ArrayBuffer((1,2))) (codegen path)" classname="org.apache.spark.sql.catalyst.encoders.ExpressionEncoderSuite" time="0.055">
</testcase>
  <testcase 
  name="encode/decode for Tuple2: (ArrayBuffer[(Short, Short)],ArrayBuffer((1,2))) (interpreted path)" classname="org.apache.spark.sql.catalyst.encoders.ExpressionEncoderSuite" time="0.005">
</testcase>
  <testcase 
  name="encode/decode for Tuple2: (ArrayBuffer[(Byte, Byte)],ArrayBuffer((1,2))) (codegen path)" classname="org.apache.spark.sql.catalyst.encoders.ExpressionEncoderSuite" time="0.054">
</testcase>
  <testcase 
  name="encode/decode for Tuple2: (ArrayBuffer[(Byte, Byte)],ArrayBuffer((1,2))) (interpreted path)" classname="org.apache.spark.sql.catalyst.encoders.ExpressionEncoderSuite" time="0.005">
</testcase>
  <testcase 
  name="encode/decode for Tuple2: (ArrayBuffer[(Boolean, Boolean)],ArrayBuffer((true,false))) (codegen path)" classname="org.apache.spark.sql.catalyst.encoders.ExpressionEncoderSuite" time="0.056">
</testcase>
  <testcase 
  name="encode/decode for Tuple2: (ArrayBuffer[(Boolean, Boolean)],ArrayBuffer((true,false))) (interpreted path)" classname="org.apache.spark.sql.catalyst.encoders.ExpressionEncoderSuite" time="0.006">
</testcase>
  <testcase 
  name="encode/decode for Tuple2: (Seq[Seq[(Int, Int)]],List(List((1,2)))) (codegen path)" classname="org.apache.spark.sql.catalyst.encoders.ExpressionEncoderSuite" time="0.054">
</testcase>
  <testcase 
  name="encode/decode for Tuple2: (Seq[Seq[(Int, Int)]],List(List((1,2)))) (interpreted path)" classname="org.apache.spark.sql.catalyst.encoders.ExpressionEncoderSuite" time="0.007">
</testcase>
  <testcase 
  name="encode/decode for tuple with 2 flat encoders: (1,10) (codegen path)" classname="org.apache.spark.sql.catalyst.encoders.ExpressionEncoderSuite" time="0.029">
</testcase>
  <testcase 
  name="encode/decode for tuple with 2 flat encoders: (1,10) (interpreted path)" classname="org.apache.spark.sql.catalyst.encoders.ExpressionEncoderSuite" time="0.003">
</testcase>
  <testcase 
  name="encode/decode for tuple with 2 product encoders: (PrimitiveData(1,1,1.0,1.0,1,1,true),(3,30)) (codegen path)" classname="org.apache.spark.sql.catalyst.encoders.ExpressionEncoderSuite" time="0.044">
</testcase>
  <testcase 
  name="encode/decode for tuple with 2 product encoders: (PrimitiveData(1,1,1.0,1.0,1,1,true),(3,30)) (interpreted path)" classname="org.apache.spark.sql.catalyst.encoders.ExpressionEncoderSuite" time="0.008">
</testcase>
  <testcase 
  name="encode/decode for tuple with flat encoder and product encoder: (PrimitiveData(1,1,1.0,1.0,1,1,true),3) (codegen path)" classname="org.apache.spark.sql.catalyst.encoders.ExpressionEncoderSuite" time="0.041">
</testcase>
  <testcase 
  name="encode/decode for tuple with flat encoder and product encoder: (PrimitiveData(1,1,1.0,1.0,1,1,true),3) (interpreted path)" classname="org.apache.spark.sql.catalyst.encoders.ExpressionEncoderSuite" time="0.006">
</testcase>
  <testcase 
  name="encode/decode for tuple with product encoder and flat encoder: (3,PrimitiveData(1,1,1.0,1.0,1,1,true)) (codegen path)" classname="org.apache.spark.sql.catalyst.encoders.ExpressionEncoderSuite" time="0.04">
</testcase>
  <testcase 
  name="encode/decode for tuple with product encoder and flat encoder: (3,PrimitiveData(1,1,1.0,1.0,1,1,true)) (interpreted path)" classname="org.apache.spark.sql.catalyst.encoders.ExpressionEncoderSuite" time="0.008">
</testcase>
  <testcase 
  name="encode/decode for nested tuple encoder: (1,(10,100)) (codegen path)" classname="org.apache.spark.sql.catalyst.encoders.ExpressionEncoderSuite" time="0.038">
</testcase>
  <testcase 
  name="encode/decode for nested tuple encoder: (1,(10,100)) (interpreted path)" classname="org.apache.spark.sql.catalyst.encoders.ExpressionEncoderSuite" time="0.005">
</testcase>
  <testcase 
  name="encode/decode for primitive value class: PrimitiveValueClass(42) (codegen path)" classname="org.apache.spark.sql.catalyst.encoders.ExpressionEncoderSuite" time="0.029">
</testcase>
  <testcase 
  name="encode/decode for primitive value class: PrimitiveValueClass(42) (interpreted path)" classname="org.apache.spark.sql.catalyst.encoders.ExpressionEncoderSuite" time="0.002">
</testcase>
  <testcase 
  name="encode/decode for reference value class: ReferenceValueClass(Container(1)) (codegen path)" classname="org.apache.spark.sql.catalyst.encoders.ExpressionEncoderSuite" time="0.035">
</testcase>
  <testcase 
  name="encode/decode for reference value class: ReferenceValueClass(Container(1)) (interpreted path)" classname="org.apache.spark.sql.catalyst.encoders.ExpressionEncoderSuite" time="0.004">
</testcase>
  <testcase 
  name="encode/decode for option of int: Some(31) (codegen path)" classname="org.apache.spark.sql.catalyst.encoders.ExpressionEncoderSuite" time="0.031">
</testcase>
  <testcase 
  name="encode/decode for option of int: Some(31) (interpreted path)" classname="org.apache.spark.sql.catalyst.encoders.ExpressionEncoderSuite" time="0.002">
</testcase>
  <testcase 
  name="encode/decode for empty option of int: None (codegen path)" classname="org.apache.spark.sql.catalyst.encoders.ExpressionEncoderSuite" time="0.003">
</testcase>
  <testcase 
  name="encode/decode for empty option of int: None (interpreted path)" classname="org.apache.spark.sql.catalyst.encoders.ExpressionEncoderSuite" time="0.003">
</testcase>
  <testcase 
  name="encode/decode for option of string: Some(abc) (codegen path)" classname="org.apache.spark.sql.catalyst.encoders.ExpressionEncoderSuite" time="0.033">
</testcase>
  <testcase 
  name="encode/decode for option of string: Some(abc) (interpreted path)" classname="org.apache.spark.sql.catalyst.encoders.ExpressionEncoderSuite" time="0.003">
</testcase>
  <testcase 
  name="encode/decode for empty option of string: None (codegen path)" classname="org.apache.spark.sql.catalyst.encoders.ExpressionEncoderSuite" time="0.003">
</testcase>
  <testcase 
  name="encode/decode for empty option of string: None (interpreted path)" classname="org.apache.spark.sql.catalyst.encoders.ExpressionEncoderSuite" time="0.002">
</testcase>
  <testcase 
  name="encode/decode for Tuple2: (UDT,org.apache.spark.sql.catalyst.encoders.ExamplePoint@691) (codegen path)" classname="org.apache.spark.sql.catalyst.encoders.ExpressionEncoderSuite" time="0.038">
</testcase>
  <testcase 
  name="encode/decode for Tuple2: (UDT,org.apache.spark.sql.catalyst.encoders.ExamplePoint@691) (interpreted path)" classname="org.apache.spark.sql.catalyst.encoders.ExpressionEncoderSuite" time="0.004">
</testcase>
  <testcase 
  name="nullable of encoder schema (codegen path)" classname="org.apache.spark.sql.catalyst.encoders.ExpressionEncoderSuite" time="0.013">
</testcase>
  <testcase 
  name="nullable of encoder schema (interpreted path)" classname="org.apache.spark.sql.catalyst.encoders.ExpressionEncoderSuite" time="0.007">
</testcase>
  <testcase 
  name="nullable of encoder serializer (codegen path)" classname="org.apache.spark.sql.catalyst.encoders.ExpressionEncoderSuite" time="0.003">
</testcase>
  <testcase 
  name="nullable of encoder serializer (interpreted path)" classname="org.apache.spark.sql.catalyst.encoders.ExpressionEncoderSuite" time="0.001">
</testcase>
  <testcase 
  name="null check for map key: String (codegen path)" classname="org.apache.spark.sql.catalyst.encoders.ExpressionEncoderSuite" time="0.03">
</testcase>
  <testcase 
  name="null check for map key: String (interpreted path)" classname="org.apache.spark.sql.catalyst.encoders.ExpressionEncoderSuite" time="0.002">
</testcase>
  <testcase 
  name="null check for map key: Integer (codegen path)" classname="org.apache.spark.sql.catalyst.encoders.ExpressionEncoderSuite" time="0.028">
</testcase>
  <testcase 
  name="null check for map key: Integer (interpreted path)" classname="org.apache.spark.sql.catalyst.encoders.ExpressionEncoderSuite" time="0.002">
</testcase>
  <testcase 
  name="throw exception for tuples with more than 22 elements (codegen path)" classname="org.apache.spark.sql.catalyst.encoders.ExpressionEncoderSuite" time="0.005">
</testcase>
  <testcase 
  name="throw exception for tuples with more than 22 elements (interpreted path)" classname="org.apache.spark.sql.catalyst.encoders.ExpressionEncoderSuite" time="0.003">
</testcase>
  <testcase 
  name="encode/decode for scala decimal within precision/scale limit: 99999999999999999999.999999999999999999 (codegen path)" classname="org.apache.spark.sql.catalyst.encoders.ExpressionEncoderSuite" time="0.031">
</testcase>
  <testcase 
  name="encode/decode for scala decimal within precision/scale limit: 99999999999999999999.999999999999999999 (interpreted path)" classname="org.apache.spark.sql.catalyst.encoders.ExpressionEncoderSuite" time="0.002">
</testcase>
  <testcase 
  name="encode/decode for java decimal within precision/scale limit: 99999999999999999999.999999999999999999 (codegen path)" classname="org.apache.spark.sql.catalyst.encoders.ExpressionEncoderSuite" time="0.03">
</testcase>
  <testcase 
  name="encode/decode for java decimal within precision/scale limit: 99999999999999999999.999999999999999999 (interpreted path)" classname="org.apache.spark.sql.catalyst.encoders.ExpressionEncoderSuite" time="0.002">
</testcase>
  <testcase 
  name="encode/decode for negative scala decimal within precision/scale limit: -99999999999999999999.999999999999999999 (codegen path)" classname="org.apache.spark.sql.catalyst.encoders.ExpressionEncoderSuite" time="0.002">
</testcase>
  <testcase 
  name="encode/decode for negative scala decimal within precision/scale limit: -99999999999999999999.999999999999999999 (interpreted path)" classname="org.apache.spark.sql.catalyst.encoders.ExpressionEncoderSuite" time="0.002">
</testcase>
  <testcase 
  name="encode/decode for negative java decimal within precision/scale limit: -99999999999999999999.999999999999999999 (codegen path)" classname="org.apache.spark.sql.catalyst.encoders.ExpressionEncoderSuite" time="0.003">
</testcase>
  <testcase 
  name="encode/decode for negative java decimal within precision/scale limit: -99999999999999999999.999999999999999999 (interpreted path)" classname="org.apache.spark.sql.catalyst.encoders.ExpressionEncoderSuite" time="0.002">
</testcase>
  <testcase 
  name="overflowing scala big decimal, ansiEnabled=true (codegen path)" classname="org.apache.spark.sql.catalyst.encoders.ExpressionEncoderSuite" time="0.02">
</testcase>
  <testcase 
  name="overflowing scala big decimal, ansiEnabled=true (interpreted path)" classname="org.apache.spark.sql.catalyst.encoders.ExpressionEncoderSuite" time="0.001">
</testcase>
  <testcase 
  name="overflowing scala big decimal, ansiEnabled=false (codegen path)" classname="org.apache.spark.sql.catalyst.encoders.ExpressionEncoderSuite" time="0.002">
</testcase>
  <testcase 
  name="overflowing scala big decimal, ansiEnabled=false (interpreted path)" classname="org.apache.spark.sql.catalyst.encoders.ExpressionEncoderSuite" time="0.001">
</testcase>
  <testcase 
  name="overflowing java big decimal, ansiEnabled=true (codegen path)" classname="org.apache.spark.sql.catalyst.encoders.ExpressionEncoderSuite" time="0.018">
</testcase>
  <testcase 
  name="overflowing java big decimal, ansiEnabled=true (interpreted path)" classname="org.apache.spark.sql.catalyst.encoders.ExpressionEncoderSuite" time="0.001">
</testcase>
  <testcase 
  name="overflowing java big decimal, ansiEnabled=false (codegen path)" classname="org.apache.spark.sql.catalyst.encoders.ExpressionEncoderSuite" time="0.002">
</testcase>
  <testcase 
  name="overflowing java big decimal, ansiEnabled=false (interpreted path)" classname="org.apache.spark.sql.catalyst.encoders.ExpressionEncoderSuite" time="0.002">
</testcase>
  <testcase 
  name="overflowing negative scala big decimal, ansiEnabled=true (codegen path)" classname="org.apache.spark.sql.catalyst.encoders.ExpressionEncoderSuite" time="0.002">
</testcase>
  <testcase 
  name="overflowing negative scala big decimal, ansiEnabled=true (interpreted path)" classname="org.apache.spark.sql.catalyst.encoders.ExpressionEncoderSuite" time="0.001">
</testcase>
  <testcase 
  name="overflowing negative scala big decimal, ansiEnabled=false (codegen path)" classname="org.apache.spark.sql.catalyst.encoders.ExpressionEncoderSuite" time="0.002">
</testcase>
  <testcase 
  name="overflowing negative scala big decimal, ansiEnabled=false (interpreted path)" classname="org.apache.spark.sql.catalyst.encoders.ExpressionEncoderSuite" time="0.002">
</testcase>
  <testcase 
  name="overflowing negative java big decimal, ansiEnabled=true (codegen path)" classname="org.apache.spark.sql.catalyst.encoders.ExpressionEncoderSuite" time="0.001">
</testcase>
  <testcase 
  name="overflowing negative java big decimal, ansiEnabled=true (interpreted path)" classname="org.apache.spark.sql.catalyst.encoders.ExpressionEncoderSuite" time="0.001">
</testcase>
  <testcase 
  name="overflowing negative java big decimal, ansiEnabled=false (codegen path)" classname="org.apache.spark.sql.catalyst.encoders.ExpressionEncoderSuite" time="0.001">
</testcase>
  <testcase 
  name="overflowing negative java big decimal, ansiEnabled=false (interpreted path)" classname="org.apache.spark.sql.catalyst.encoders.ExpressionEncoderSuite" time="0.001">
</testcase>
  <testcase 
  name="overflowing scala big decimal with fractional part, ansiEnabled=true (codegen path)" classname="org.apache.spark.sql.catalyst.encoders.ExpressionEncoderSuite" time="0.001">
</testcase>
  <testcase 
  name="overflowing scala big decimal with fractional part, ansiEnabled=true (interpreted path)" classname="org.apache.spark.sql.catalyst.encoders.ExpressionEncoderSuite" time="0.001">
</testcase>
  <testcase 
  name="overflowing scala big decimal with fractional part, ansiEnabled=false (codegen path)" classname="org.apache.spark.sql.catalyst.encoders.ExpressionEncoderSuite" time="0.002">
</testcase>
  <testcase 
  name="overflowing scala big decimal with fractional part, ansiEnabled=false (interpreted path)" classname="org.apache.spark.sql.catalyst.encoders.ExpressionEncoderSuite" time="0.001">
</testcase>
  <testcase 
  name="overflowing java big decimal with fractional part, ansiEnabled=true (codegen path)" classname="org.apache.spark.sql.catalyst.encoders.ExpressionEncoderSuite" time="0.001">
</testcase>
  <testcase 
  name="overflowing java big decimal with fractional part, ansiEnabled=true (interpreted path)" classname="org.apache.spark.sql.catalyst.encoders.ExpressionEncoderSuite" time="0.001">
</testcase>
  <testcase 
  name="overflowing java big decimal with fractional part, ansiEnabled=false (codegen path)" classname="org.apache.spark.sql.catalyst.encoders.ExpressionEncoderSuite" time="0.002">
</testcase>
  <testcase 
  name="overflowing java big decimal with fractional part, ansiEnabled=false (interpreted path)" classname="org.apache.spark.sql.catalyst.encoders.ExpressionEncoderSuite" time="0.001">
</testcase>
  <testcase 
  name="overflowing scala big decimal with long fractional part, ansiEnabled=true (codegen path)" classname="org.apache.spark.sql.catalyst.encoders.ExpressionEncoderSuite" time="0.002">
</testcase>
  <testcase 
  name="overflowing scala big decimal with long fractional part, ansiEnabled=true (interpreted path)" classname="org.apache.spark.sql.catalyst.encoders.ExpressionEncoderSuite" time="0.001">
</testcase>
  <testcase 
  name="overflowing scala big decimal with long fractional part, ansiEnabled=false (codegen path)" classname="org.apache.spark.sql.catalyst.encoders.ExpressionEncoderSuite" time="0.001">
</testcase>
  <testcase 
  name="overflowing scala big decimal with long fractional part, ansiEnabled=false (interpreted path)" classname="org.apache.spark.sql.catalyst.encoders.ExpressionEncoderSuite" time="0.002">
</testcase>
  <testcase 
  name="overflowing java big decimal with long fractional part, ansiEnabled=true (codegen path)" classname="org.apache.spark.sql.catalyst.encoders.ExpressionEncoderSuite" time="0.001">
</testcase>
  <testcase 
  name="overflowing java big decimal with long fractional part, ansiEnabled=true (interpreted path)" classname="org.apache.spark.sql.catalyst.encoders.ExpressionEncoderSuite" time="0.001">
</testcase>
  <testcase 
  name="overflowing java big decimal with long fractional part, ansiEnabled=false (codegen path)" classname="org.apache.spark.sql.catalyst.encoders.ExpressionEncoderSuite" time="0.001">
</testcase>
  <testcase 
  name="overflowing java big decimal with long fractional part, ansiEnabled=false (interpreted path)" classname="org.apache.spark.sql.catalyst.encoders.ExpressionEncoderSuite" time="0.002">
</testcase>
  <testcase 
  name="encode/decode for scala big integer within precision limit: 99999999999999999999999999999999999999 (codegen path)" classname="org.apache.spark.sql.catalyst.encoders.ExpressionEncoderSuite" time="0.031">
</testcase>
  <testcase 
  name="encode/decode for scala big integer within precision limit: 99999999999999999999999999999999999999 (interpreted path)" classname="org.apache.spark.sql.catalyst.encoders.ExpressionEncoderSuite" time="0.002">
</testcase>
  <testcase 
  name="encode/decode for java big integer within precision limit: 99999999999999999999999999999999999999 (codegen path)" classname="org.apache.spark.sql.catalyst.encoders.ExpressionEncoderSuite" time="0.019">
</testcase>
  <testcase 
  name="encode/decode for java big integer within precision limit: 99999999999999999999999999999999999999 (interpreted path)" classname="org.apache.spark.sql.catalyst.encoders.ExpressionEncoderSuite" time="0.002">
</testcase>
  <testcase 
  name="encode/decode for negative scala big integer within precision limit: -99999999999999999999999999999999999999 (codegen path)" classname="org.apache.spark.sql.catalyst.encoders.ExpressionEncoderSuite" time="0.003">
</testcase>
  <testcase 
  name="encode/decode for negative scala big integer within precision limit: -99999999999999999999999999999999999999 (interpreted path)" classname="org.apache.spark.sql.catalyst.encoders.ExpressionEncoderSuite" time="0.002">
</testcase>
  <testcase 
  name="encode/decode for negative java big integer within precision limit: -99999999999999999999999999999999999999 (codegen path)" classname="org.apache.spark.sql.catalyst.encoders.ExpressionEncoderSuite" time="0.002">
</testcase>
  <testcase 
  name="encode/decode for negative java big integer within precision limit: -99999999999999999999999999999999999999 (interpreted path)" classname="org.apache.spark.sql.catalyst.encoders.ExpressionEncoderSuite" time="0.002">
</testcase>
  <testcase 
  name="overflowing scala big int, ansiEnabled=true (codegen path)" classname="org.apache.spark.sql.catalyst.encoders.ExpressionEncoderSuite" time="0.018">
</testcase>
  <testcase 
  name="overflowing scala big int, ansiEnabled=true (interpreted path)" classname="org.apache.spark.sql.catalyst.encoders.ExpressionEncoderSuite" time="0.001">
</testcase>
  <testcase 
  name="overflowing scala big int, ansiEnabled=false (codegen path)" classname="org.apache.spark.sql.catalyst.encoders.ExpressionEncoderSuite" time="0.001">
</testcase>
  <testcase 
  name="overflowing scala big int, ansiEnabled=false (interpreted path)" classname="org.apache.spark.sql.catalyst.encoders.ExpressionEncoderSuite" time="0.002">
</testcase>
  <testcase 
  name="overflowing java big integer, ansiEnabled=true (codegen path)" classname="org.apache.spark.sql.catalyst.encoders.ExpressionEncoderSuite" time="0.018">
</testcase>
  <testcase 
  name="overflowing java big integer, ansiEnabled=true (interpreted path)" classname="org.apache.spark.sql.catalyst.encoders.ExpressionEncoderSuite" time="0.001">
</testcase>
  <testcase 
  name="overflowing java big integer, ansiEnabled=false (codegen path)" classname="org.apache.spark.sql.catalyst.encoders.ExpressionEncoderSuite" time="0.001">
</testcase>
  <testcase 
  name="overflowing java big integer, ansiEnabled=false (interpreted path)" classname="org.apache.spark.sql.catalyst.encoders.ExpressionEncoderSuite" time="0.002">
</testcase>
  <testcase 
  name="overflowing negative scala big int, ansiEnabled=true (codegen path)" classname="org.apache.spark.sql.catalyst.encoders.ExpressionEncoderSuite" time="0.001">
</testcase>
  <testcase 
  name="overflowing negative scala big int, ansiEnabled=true (interpreted path)" classname="org.apache.spark.sql.catalyst.encoders.ExpressionEncoderSuite" time="0.001">
</testcase>
  <testcase 
  name="overflowing negative scala big int, ansiEnabled=false (codegen path)" classname="org.apache.spark.sql.catalyst.encoders.ExpressionEncoderSuite" time="0.001">
</testcase>
  <testcase 
  name="overflowing negative scala big int, ansiEnabled=false (interpreted path)" classname="org.apache.spark.sql.catalyst.encoders.ExpressionEncoderSuite" time="0.001">
</testcase>
  <testcase 
  name="overflowing negative java big integer, ansiEnabled=true (codegen path)" classname="org.apache.spark.sql.catalyst.encoders.ExpressionEncoderSuite" time="0.001">
</testcase>
  <testcase 
  name="overflowing negative java big integer, ansiEnabled=true (interpreted path)" classname="org.apache.spark.sql.catalyst.encoders.ExpressionEncoderSuite" time="0.001">
</testcase>
  <testcase 
  name="overflowing negative java big integer, ansiEnabled=false (codegen path)" classname="org.apache.spark.sql.catalyst.encoders.ExpressionEncoderSuite" time="0.001">
</testcase>
  <testcase 
  name="overflowing negative java big integer, ansiEnabled=false (interpreted path)" classname="org.apache.spark.sql.catalyst.encoders.ExpressionEncoderSuite" time="0.002">
</testcase>
  <testcase 
  name="overflowing scala very large big int, ansiEnabled=true (codegen path)" classname="org.apache.spark.sql.catalyst.encoders.ExpressionEncoderSuite" time="0.001">
</testcase>
  <testcase 
  name="overflowing scala very large big int, ansiEnabled=true (interpreted path)" classname="org.apache.spark.sql.catalyst.encoders.ExpressionEncoderSuite" time="0.001">
</testcase>
  <testcase 
  name="overflowing scala very large big int, ansiEnabled=false (codegen path)" classname="org.apache.spark.sql.catalyst.encoders.ExpressionEncoderSuite" time="0.001">
</testcase>
  <testcase 
  name="overflowing scala very large big int, ansiEnabled=false (interpreted path)" classname="org.apache.spark.sql.catalyst.encoders.ExpressionEncoderSuite" time="0.002">
</testcase>
  <testcase 
  name="overflowing java very big int, ansiEnabled=true (codegen path)" classname="org.apache.spark.sql.catalyst.encoders.ExpressionEncoderSuite" time="0.0">
</testcase>
  <testcase 
  name="overflowing java very big int, ansiEnabled=true (interpreted path)" classname="org.apache.spark.sql.catalyst.encoders.ExpressionEncoderSuite" time="0.0">
</testcase>
  <testcase 
  name="overflowing java very big int, ansiEnabled=false (codegen path)" classname="org.apache.spark.sql.catalyst.encoders.ExpressionEncoderSuite" time="0.002">
</testcase>
  <testcase 
  name="overflowing java very big int, ansiEnabled=false (interpreted path)" classname="org.apache.spark.sql.catalyst.encoders.ExpressionEncoderSuite" time="0.001">
</testcase>
  <testcase 
  name="encode/decode for makeCopy: (foo,1) (codegen path)" classname="org.apache.spark.sql.catalyst.encoders.ExpressionEncoderSuite" time="0.037">
</testcase>
  <testcase 
  name="encode/decode for makeCopy: (foo,1) (interpreted path)" classname="org.apache.spark.sql.catalyst.encoders.ExpressionEncoderSuite" time="0.003">
</testcase>
  <system-out><![CDATA[]]></system-out>
  <system-err><![CDATA[]]></system-err>
</testsuite>
