<?xml version="1.0" encoding="UTF-8" ?>
<testsuite 
errors="0" failures="0" hostname="czp" name="org.apache.spark.sql.types.DataTypeSuite" tests="113" time="0.064" timestamp="2020-01-07T15:03:45">
  <properties>
    <property name="java.runtime.name" value="OpenJDK Runtime Environment"/>
    <property 
    name="sun.boot.library.path" value="/usr/lib/jvm/java-8-openjdk-amd64/jre/lib/amd64">
</property>
    <property name="java.vm.version" value="25.232-b09"/>
    <property name="java.vm.vendor" value="Private Build"/>
    <property name="java.vendor.url" value="http://java.oracle.com/"/>
    <property name="path.separator" value=":"/>
    <property name="java.vm.name" value="OpenJDK 64-Bit Server VM"/>
    <property name="file.encoding.pkg" value="sun.io"/>
    <property name="user.country" value="US"/>
    <property name="sun.java.launcher" value="SUN_STANDARD"/>
    <property name="sun.os.patch.level" value="unknown"/>
    <property 
    name="java.vm.specification.name" value="Java Virtual Machine Specification">
</property>
    <property name="user.dir" value="/home/czp/workspace/Demo2/sql/catalyst"/>
    <property 
    name="java.runtime.version" value="1.8.0_232-8u232-b09-0ubuntu1~16.04.1-b09">
</property>
    <property name="spark.ui.enabled" value="false"/>
    <property 
    name="java.awt.graphicsenv" value="sun.awt.X11GraphicsEnvironment">
</property>
    <property name="basedir" value="/home/czp/workspace/Demo2/sql/catalyst"/>
    <property 
    name="java.endorsed.dirs" value="/usr/lib/jvm/java-8-openjdk-amd64/jre/lib/endorsed">
</property>
    <property name="os.arch" value="amd64"/>
    <property 
    name="java.io.tmpdir" value="/home/czp/workspace/Demo2/sql/catalyst/target/tmp">
</property>
    <property name="derby.system.durability" value="test"/>
    <property name="line.separator" value=" "/>
    <property name="java.vm.specification.vendor" value="Oracle Corporation"/>
    <property name="os.name" value="Linux"/>
    <property name="io.netty.tryReflectionSetAccessible" value="true"/>
    <property 
    name="log4j.configuration" value="file:src/test/resources/log4j.properties">
</property>
    <property name="sun.jnu.encoding" value="UTF-8"/>
    <property name="spark.ui.showConsoleProgress" value="false"/>
    <property 
    name="java.library.path" value="/usr/java/packages/lib/amd64:/usr/lib/x86_64-linux-gnu/jni:/lib/x86_64-linux-gnu:/usr/lib/x86_64-linux-gnu:/usr/lib/jni:/lib:/usr/lib">
</property>
    <property 
    name="java.specification.name" value="Java Platform API Specification">
</property>
    <property name="java.class.version" value="52.0"/>
    <property 
    name="sun.management.compiler" value="HotSpot 64-Bit Tiered Compilers">
</property>
    <property name="os.version" value="4.15.0-72-generic"/>
    <property name="user.home" value="/home/czp"/>
    <property name="user.timezone" value=""/>
    <property name="java.awt.printerjob" value="sun.print.PSPrinterJob"/>
    <property name="java.specification.version" value="1.8"/>
    <property name="file.encoding" value="UTF-8"/>
    <property name="spark.testing" value="1"/>
    <property name="user.name" value="czp"/>
    <property 
    name="java.class.path" value="/home/czp/workspace/Demo2/sql/catalyst/target/scala-2.12/test-classes:/home/czp/workspace/Demo2/sql/catalyst/target/scala-2.12/classes:/home/czp/.m2/repository/org/scala-lang/scala-reflect/2.12.10/scala-reflect-2.12.10.jar:/home/czp/.m2/repository/org/scala-lang/scala-library/2.12.10/scala-library-2.12.10.jar:/home/czp/.m2/repository/org/scala-lang/modules/scala-parser-combinators_2.12/1.1.2/scala-parser-combinators_2.12-1.1.2.jar:/home/czp/.m2/repository/org/apache/spark/spark-core_2.12/3.0.0-preview2/spark-core_2.12-3.0.0-preview2.jar:/home/czp/.m2/repository/com/thoughtworks/paranamer/paranamer/2.8/paranamer-2.8.jar:/home/czp/.m2/repository/org/apache/avro/avro/1.8.2/avro-1.8.2.jar:/home/czp/.m2/repository/org/codehaus/jackson/jackson-core-asl/1.9.13/jackson-core-asl-1.9.13.jar:/home/czp/.m2/repository/org/codehaus/jackson/jackson-mapper-asl/1.9.13/jackson-mapper-asl-1.9.13.jar:/home/czp/.m2/repository/org/apache/commons/commons-compress/1.8.1/commons-compress-1.8.1.jar:/home/czp/.m2/repository/org/tukaani/xz/1.5/xz-1.5.jar:/home/czp/.m2/repository/org/apache/avro/avro-mapred/1.8.2/avro-mapred-1.8.2-hadoop2.jar:/home/czp/.m2/repository/org/apache/avro/avro-ipc/1.8.2/avro-ipc-1.8.2.jar:/home/czp/.m2/repository/com/twitter/chill_2.12/0.9.3/chill_2.12-0.9.3.jar:/home/czp/.m2/repository/com/esotericsoftware/kryo-shaded/4.0.2/kryo-shaded-4.0.2.jar:/home/czp/.m2/repository/com/esotericsoftware/minlog/1.3.0/minlog-1.3.0.jar:/home/czp/.m2/repository/com/twitter/chill-java/0.9.3/chill-java-0.9.3.jar:/home/czp/.m2/repository/org/apache/xbean/xbean-asm7-shaded/4.15/xbean-asm7-shaded-4.15.jar:/home/czp/.m2/repository/org/apache/hadoop/hadoop-client/2.7.4/hadoop-client-2.7.4.jar:/home/czp/.m2/repository/org/apache/hadoop/hadoop-common/2.7.4/hadoop-common-2.7.4.jar:/home/czp/.m2/repository/commons-cli/commons-cli/1.2/commons-cli-1.2.jar:/home/czp/.m2/repository/xmlenc/xmlenc/0.52/xmlenc-0.52.jar:/home/czp/.m2/repository/commons-httpclient/commons-httpclient/3.1/commons-httpclient-3.1.jar:/home/czp/.m2/repository/commons-io/commons-io/2.4/commons-io-2.4.jar:/home/czp/.m2/repository/commons-collections/commons-collections/3.2.2/commons-collections-3.2.2.jar:/home/czp/.m2/repository/org/mortbay/jetty/jetty-sslengine/6.1.26/jetty-sslengine-6.1.26.jar:/home/czp/.m2/repository/javax/servlet/jsp/jsp-api/2.1/jsp-api-2.1.jar:/home/czp/.m2/repository/commons-lang/commons-lang/2.6/commons-lang-2.6.jar:/home/czp/.m2/repository/commons-configuration/commons-configuration/1.6/commons-configuration-1.6.jar:/home/czp/.m2/repository/commons-digester/commons-digester/1.8/commons-digester-1.8.jar:/home/czp/.m2/repository/commons-beanutils/commons-beanutils/1.9.4/commons-beanutils-1.9.4.jar:/home/czp/.m2/repository/com/google/protobuf/protobuf-java/2.5.0/protobuf-java-2.5.0.jar:/home/czp/.m2/repository/com/google/code/gson/gson/2.2.4/gson-2.2.4.jar:/home/czp/.m2/repository/org/apache/hadoop/hadoop-auth/2.7.4/hadoop-auth-2.7.4.jar:/home/czp/.m2/repository/org/apache/httpcomponents/httpclient/4.5.6/httpclient-4.5.6.jar:/home/czp/.m2/repository/org/apache/httpcomponents/httpcore/4.4.12/httpcore-4.4.12.jar:/home/czp/.m2/repository/org/apache/directory/server/apacheds-kerberos-codec/2.0.0-M15/apacheds-kerberos-codec-2.0.0-M15.jar:/home/czp/.m2/repository/org/apache/directory/server/apacheds-i18n/2.0.0-M15/apacheds-i18n-2.0.0-M15.jar:/home/czp/.m2/repository/org/apache/directory/api/api-asn1-api/1.0.0-M20/api-asn1-api-1.0.0-M20.jar:/home/czp/.m2/repository/org/apache/directory/api/api-util/1.0.0-M20/api-util-1.0.0-M20.jar:/home/czp/.m2/repository/org/apache/curator/curator-client/2.7.1/curator-client-2.7.1.jar:/home/czp/.m2/repository/org/apache/htrace/htrace-core/3.1.0-incubating/htrace-core-3.1.0-incubating.jar:/home/czp/.m2/repository/org/apache/hadoop/hadoop-hdfs/2.7.4/hadoop-hdfs-2.7.4.jar:/home/czp/.m2/repository/org/mortbay/jetty/jetty-util/6.1.26/jetty-util-6.1.26.jar:/home/czp/.m2/repository/xerces/xercesImpl/2.9.1/xercesImpl-2.9.1.jar:/home/czp/.m2/repository/xml-apis/xml-apis/1.4.01/xml-apis-1.4.01.jar:/home/czp/.m2/repository/org/apache/hadoop/hadoop-mapreduce-client-app/2.7.4/hadoop-mapreduce-client-app-2.7.4.jar:/home/czp/.m2/repository/org/apache/hadoop/hadoop-mapreduce-client-common/2.7.4/hadoop-mapreduce-client-common-2.7.4.jar:/home/czp/.m2/repository/org/apache/hadoop/hadoop-yarn-client/2.7.4/hadoop-yarn-client-2.7.4.jar:/home/czp/.m2/repository/org/apache/hadoop/hadoop-yarn-server-common/2.7.4/hadoop-yarn-server-common-2.7.4.jar:/home/czp/.m2/repository/org/apache/hadoop/hadoop-mapreduce-client-shuffle/2.7.4/hadoop-mapreduce-client-shuffle-2.7.4.jar:/home/czp/.m2/repository/org/apache/hadoop/hadoop-yarn-api/2.7.4/hadoop-yarn-api-2.7.4.jar:/home/czp/.m2/repository/org/apache/hadoop/hadoop-mapreduce-client-core/2.7.4/hadoop-mapreduce-client-core-2.7.4.jar:/home/czp/.m2/repository/org/apache/hadoop/hadoop-yarn-common/2.7.4/hadoop-yarn-common-2.7.4.jar:/home/czp/.m2/repository/javax/xml/bind/jaxb-api/2.2.2/jaxb-api-2.2.2.jar:/home/czp/.m2/repository/javax/xml/stream/stax-api/1.0-2/stax-api-1.0-2.jar:/home/czp/.m2/repository/org/codehaus/jackson/jackson-jaxrs/1.9.13/jackson-jaxrs-1.9.13.jar:/home/czp/.m2/repository/org/codehaus/jackson/jackson-xc/1.9.13/jackson-xc-1.9.13.jar:/home/czp/.m2/repository/org/apache/hadoop/hadoop-mapreduce-client-jobclient/2.7.4/hadoop-mapreduce-client-jobclient-2.7.4.jar:/home/czp/.m2/repository/org/apache/hadoop/hadoop-annotations/2.7.4/hadoop-annotations-2.7.4.jar:/home/czp/.m2/repository/org/apache/spark/spark-launcher_2.12/3.0.0-preview2/spark-launcher_2.12-3.0.0-preview2.jar:/home/czp/.m2/repository/org/apache/spark/spark-kvstore_2.12/3.0.0-preview2/spark-kvstore_2.12-3.0.0-preview2.jar:/home/czp/.m2/repository/org/fusesource/leveldbjni/leveldbjni-all/1.8/leveldbjni-all-1.8.jar:/home/czp/.m2/repository/com/fasterxml/jackson/core/jackson-annotations/2.10.0/jackson-annotations-2.10.0.jar:/home/czp/.m2/repository/org/apache/spark/spark-network-common_2.12/3.0.0-preview2/spark-network-common_2.12-3.0.0-preview2.jar:/home/czp/.m2/repository/org/apache/spark/spark-network-shuffle_2.12/3.0.0-preview2/spark-network-shuffle_2.12-3.0.0-preview2.jar:/home/czp/.m2/repository/javax/activation/activation/1.1.1/activation-1.1.1.jar:/home/czp/.m2/repository/org/apache/curator/curator-recipes/2.7.1/curator-recipes-2.7.1.jar:/home/czp/.m2/repository/org/apache/curator/curator-framework/2.7.1/curator-framework-2.7.1.jar:/home/czp/.m2/repository/com/google/guava/guava/14.0.1/guava-14.0.1.jar:/home/czp/.m2/repository/org/apache/zookeeper/zookeeper/3.4.14/zookeeper-3.4.14.jar:/home/czp/.m2/repository/org/apache/yetus/audience-annotations/0.5.0/audience-annotations-0.5.0.jar:/home/czp/.m2/repository/javax/servlet/javax.servlet-api/3.1.0/javax.servlet-api-3.1.0.jar:/home/czp/.m2/repository/org/apache/commons/commons-lang3/3.9/commons-lang3-3.9.jar:/home/czp/.m2/repository/org/apache/commons/commons-math3/3.4.1/commons-math3-3.4.1.jar:/home/czp/.m2/repository/org/apache/commons/commons-text/1.6/commons-text-1.6.jar:/home/czp/.m2/repository/com/google/code/findbugs/jsr305/3.0.0/jsr305-3.0.0.jar:/home/czp/.m2/repository/org/slf4j/slf4j-api/1.7.16/slf4j-api-1.7.16.jar:/home/czp/.m2/repository/org/slf4j/jul-to-slf4j/1.7.16/jul-to-slf4j-1.7.16.jar:/home/czp/.m2/repository/org/slf4j/jcl-over-slf4j/1.7.16/jcl-over-slf4j-1.7.16.jar:/home/czp/.m2/repository/log4j/log4j/1.2.17/log4j-1.2.17.jar:/home/czp/.m2/repository/org/slf4j/slf4j-log4j12/1.7.16/slf4j-log4j12-1.7.16.jar:/home/czp/.m2/repository/com/ning/compress-lzf/1.0.3/compress-lzf-1.0.3.jar:/home/czp/.m2/repository/org/xerial/snappy/snappy-java/1.1.7.3/snappy-java-1.1.7.3.jar:/home/czp/.m2/repository/org/lz4/lz4-java/1.7.0/lz4-java-1.7.0.jar:/home/czp/.m2/repository/com/github/luben/zstd-jni/1.4.4-3/zstd-jni-1.4.4-3.jar:/home/czp/.m2/repository/org/roaringbitmap/RoaringBitmap/0.7.45/RoaringBitmap-0.7.45.jar:/home/czp/.m2/repository/org/roaringbitmap/shims/0.7.45/shims-0.7.45.jar:/home/czp/.m2/repository/commons-net/commons-net/3.1/commons-net-3.1.jar:/home/czp/.m2/repository/org/scala-lang/modules/scala-xml_2.12/1.2.0/scala-xml_2.12-1.2.0.jar:/home/czp/.m2/repository/org/json4s/json4s-jackson_2.12/3.6.6/json4s-jackson_2.12-3.6.6.jar:/home/czp/.m2/repository/org/json4s/json4s-core_2.12/3.6.6/json4s-core_2.12-3.6.6.jar:/home/czp/.m2/repository/org/json4s/json4s-ast_2.12/3.6.6/json4s-ast_2.12-3.6.6.jar:/home/czp/.m2/repository/org/json4s/json4s-scalap_2.12/3.6.6/json4s-scalap_2.12-3.6.6.jar:/home/czp/.m2/repository/org/glassfish/jersey/core/jersey-client/2.29.1/jersey-client-2.29.1.jar:/home/czp/.m2/repository/jakarta/ws/rs/jakarta.ws.rs-api/2.1.6/jakarta.ws.rs-api-2.1.6.jar:/home/czp/.m2/repository/org/glassfish/hk2/external/jakarta.inject/2.6.1/jakarta.inject-2.6.1.jar:/home/czp/.m2/repository/org/glassfish/jersey/core/jersey-common/2.29.1/jersey-common-2.29.1.jar:/home/czp/.m2/repository/jakarta/annotation/jakarta.annotation-api/1.3.5/jakarta.annotation-api-1.3.5.jar:/home/czp/.m2/repository/org/glassfish/hk2/osgi-resource-locator/1.0.3/osgi-resource-locator-1.0.3.jar:/home/czp/.m2/repository/org/glassfish/jersey/core/jersey-server/2.29.1/jersey-server-2.29.1.jar:/home/czp/.m2/repository/org/glassfish/jersey/media/jersey-media-jaxb/2.29.1/jersey-media-jaxb-2.29.1.jar:/home/czp/.m2/repository/jakarta/validation/jakarta.validation-api/2.0.2/jakarta.validation-api-2.0.2.jar:/home/czp/.m2/repository/org/glassfish/jersey/containers/jersey-container-servlet/2.29.1/jersey-container-servlet-2.29.1.jar:/home/czp/.m2/repository/org/glassfish/jersey/containers/jersey-container-servlet-core/2.29.1/jersey-container-servlet-core-2.29.1.jar:/home/czp/.m2/repository/org/glassfish/jersey/inject/jersey-hk2/2.29.1/jersey-hk2-2.29.1.jar:/home/czp/.m2/repository/org/glassfish/hk2/hk2-locator/2.6.1/hk2-locator-2.6.1.jar:/home/czp/.m2/repository/org/glassfish/hk2/external/aopalliance-repackaged/2.6.1/aopalliance-repackaged-2.6.1.jar:/home/czp/.m2/repository/org/glassfish/hk2/hk2-api/2.6.1/hk2-api-2.6.1.jar:/home/czp/.m2/repository/org/glassfish/hk2/hk2-utils/2.6.1/hk2-utils-2.6.1.jar:/home/czp/.m2/repository/org/javassist/javassist/3.22.0-CR2/javassist-3.22.0-CR2.jar:/home/czp/.m2/repository/io/netty/netty-all/4.1.42.Final/netty-all-4.1.42.Final.jar:/home/czp/.m2/repository/com/clearspring/analytics/stream/2.9.6/stream-2.9.6.jar:/home/czp/.m2/repository/io/dropwizard/metrics/metrics-core/4.1.1/metrics-core-4.1.1.jar:/home/czp/.m2/repository/io/dropwizard/metrics/metrics-jvm/4.1.1/metrics-jvm-4.1.1.jar:/home/czp/.m2/repository/io/dropwizard/metrics/metrics-json/4.1.1/metrics-json-4.1.1.jar:/home/czp/.m2/repository/io/dropwizard/metrics/metrics-graphite/4.1.1/metrics-graphite-4.1.1.jar:/home/czp/.m2/repository/io/dropwizard/metrics/metrics-jmx/4.1.1/metrics-jmx-4.1.1.jar:/home/czp/.m2/repository/com/fasterxml/jackson/core/jackson-databind/2.10.0/jackson-databind-2.10.0.jar:/home/czp/.m2/repository/com/fasterxml/jackson/module/jackson-module-scala_2.12/2.10.0/jackson-module-scala_2.12-2.10.0.jar:/home/czp/.m2/repository/com/fasterxml/jackson/module/jackson-module-paranamer/2.10.0/jackson-module-paranamer-2.10.0.jar:/home/czp/.m2/repository/org/apache/ivy/ivy/2.4.0/ivy-2.4.0.jar:/home/czp/.m2/repository/oro/oro/2.0.8/oro-2.0.8.jar:/home/czp/.m2/repository/net/razorvine/pyrolite/4.30/pyrolite-4.30.jar:/home/czp/.m2/repository/net/sf/py4j/py4j/0.10.8.1/py4j-0.10.8.1.jar:/home/czp/.m2/repository/org/apache/commons/commons-crypto/1.0.0/commons-crypto-1.0.0.jar:/home/czp/.m2/repository/org/apache/spark/spark-core_2.12/3.0.0-preview2/spark-core_2.12-3.0.0-preview2-tests.jar:/home/czp/.m2/repository/org/apache/spark/spark-tags_2.12/3.0.0-preview2/spark-tags_2.12-3.0.0-preview2.jar:/home/czp/.m2/repository/org/apache/spark/spark-tags_2.12/3.0.0-preview2/spark-tags_2.12-3.0.0-preview2-tests.jar:/home/czp/.m2/repository/org/mockito/mockito-core/3.1.0/mockito-core-3.1.0.jar:/home/czp/.m2/repository/net/bytebuddy/byte-buddy/1.9.10/byte-buddy-1.9.10.jar:/home/czp/.m2/repository/net/bytebuddy/byte-buddy-agent/1.9.10/byte-buddy-agent-1.9.10.jar:/home/czp/.m2/repository/org/objenesis/objenesis/2.6/objenesis-2.6.jar:/home/czp/.m2/repository/org/apache/spark/spark-unsafe_2.12/3.0.0-preview2/spark-unsafe_2.12-3.0.0-preview2.jar:/home/czp/.m2/repository/org/apache/spark/spark-sketch_2.12/3.0.0-preview2/spark-sketch_2.12-3.0.0-preview2.jar:/home/czp/.m2/repository/org/scalacheck/scalacheck_2.12/1.14.2/scalacheck_2.12-1.14.2.jar:/home/czp/.m2/repository/org/scala-sbt/test-interface/1.0/test-interface-1.0.jar:/home/czp/.m2/repository/org/codehaus/janino/janino/3.0.15/janino-3.0.15.jar:/home/czp/.m2/repository/org/codehaus/janino/commons-compiler/3.0.15/commons-compiler-3.0.15.jar:/home/czp/.m2/repository/org/antlr/antlr4-runtime/4.7.1/antlr4-runtime-4.7.1.jar:/home/czp/.m2/repository/commons-codec/commons-codec/1.10/commons-codec-1.10.jar:/home/czp/.m2/repository/com/univocity/univocity-parsers/2.8.3/univocity-parsers-2.8.3.jar:/home/czp/.m2/repository/org/apache/arrow/arrow-vector/0.15.1/arrow-vector-0.15.1.jar:/home/czp/.m2/repository/org/apache/arrow/arrow-format/0.15.1/arrow-format-0.15.1.jar:/home/czp/.m2/repository/org/apache/arrow/arrow-memory/0.15.1/arrow-memory-0.15.1.jar:/home/czp/.m2/repository/com/fasterxml/jackson/core/jackson-core/2.10.0/jackson-core-2.10.0.jar:/home/czp/.m2/repository/com/google/flatbuffers/flatbuffers-java/1.9.0/flatbuffers-java-1.9.0.jar:/home/czp/.m2/repository/org/spark-project/spark/unused/1.0.0/unused-1.0.0.jar:/home/czp/.m2/repository/org/scalatest/scalatest_2.12/3.0.8/scalatest_2.12-3.0.8.jar:/home/czp/.m2/repository/org/scalactic/scalactic_2.12/3.0.8/scalactic_2.12-3.0.8.jar:/home/czp/.m2/repository/junit/junit/4.12/junit-4.12.jar:/home/czp/.m2/repository/org/hamcrest/hamcrest-core/1.3/hamcrest-core-1.3.jar:/home/czp/.m2/repository/com/novocode/junit-interface/0.11/junit-interface-0.11.jar">
</property>
    <property name="java.vm.specification.version" value="1.8"/>
    <property name="sun.arch.data.model" value="64"/>
    <property name="java.home" value="/usr/lib/jvm/java-8-openjdk-amd64/jre"/>
    <property 
    name="sun.java.command" value="org.scalatest.tools.Runner -R /home/czp/workspace/Demo2/sql/catalyst/target/scala-2.12/classes /home/czp/workspace/Demo2/sql/catalyst/target/scala-2.12/test-classes -o -f /home/czp/workspace/Demo2/sql/catalyst/target/surefire-reports/SparkTestSuite.txt -u /home/czp/workspace/Demo2/sql/catalyst/target/surefire-reports/.">
</property>
    <property name="java.specification.vendor" value="Oracle Corporation"/>
    <property name="user.language" value="en"/>
    <property name="awt.toolkit" value="sun.awt.X11.XToolkit"/>
    <property name="java.vm.info" value="mixed mode"/>
    <property name="java.version" value="1.8.0_232"/>
    <property 
    name="java.ext.dirs" value="/usr/lib/jvm/java-8-openjdk-amd64/jre/lib/ext:/usr/java/packages/lib/ext">
</property>
    <property 
    name="sun.boot.class.path" value="/usr/lib/jvm/java-8-openjdk-amd64/jre/lib/resources.jar:/usr/lib/jvm/java-8-openjdk-amd64/jre/lib/rt.jar:/usr/lib/jvm/java-8-openjdk-amd64/jre/lib/sunrsasign.jar:/usr/lib/jvm/java-8-openjdk-amd64/jre/lib/jsse.jar:/usr/lib/jvm/java-8-openjdk-amd64/jre/lib/jce.jar:/usr/lib/jvm/java-8-openjdk-amd64/jre/lib/charsets.jar:/usr/lib/jvm/java-8-openjdk-amd64/jre/lib/jfr.jar:/usr/lib/jvm/java-8-openjdk-amd64/jre/classes">
</property>
    <property 
    name="spark.test.home" value="/home/czp/workspace/Demo2/sql/catalyst">
</property>
    <property name="java.vendor" value="Private Build"/>
    <property name="java.awt.headless" value="true"/>
    <property name="file.separator" value="/"/>
    <property 
    name="java.vendor.url.bug" value="http://bugreport.sun.com/bugreport/">
</property>
    <property name="spark.unsafe.exceptionOnMemoryLeak" value="true"/>
    <property name="sun.cpu.endian" value="little"/>
    <property name="sun.io.unicode.encoding" value="UnicodeLittle"/>
    <property name="sun.desktop" value="gnome"/>
    <property name="test.src.tables" value="__not_used__"/>
    <property name="sun.cpu.isalist" value=""/>
  </properties>
  <testcase 
  name="construct an ArrayType" classname="org.apache.spark.sql.types.DataTypeSuite" time="0.0">
</testcase>
  <testcase 
  name="construct an MapType" classname="org.apache.spark.sql.types.DataTypeSuite" time="0.0">
</testcase>
  <testcase 
  name="construct with add" classname="org.apache.spark.sql.types.DataTypeSuite" time="0.001">
</testcase>
  <testcase 
  name="construct with add from StructField" classname="org.apache.spark.sql.types.DataTypeSuite" time="0.0">
</testcase>
  <testcase 
  name="construct with add from StructField with comments" classname="org.apache.spark.sql.types.DataTypeSuite" time="0.001">
</testcase>
  <testcase 
  name="construct with String DataType" classname="org.apache.spark.sql.types.DataTypeSuite" time="0.0">
</testcase>
  <testcase 
  name="extract fields from a StructType" classname="org.apache.spark.sql.types.DataTypeSuite" time="0.001">
</testcase>
  <testcase 
  name="extract field index from a StructType" classname="org.apache.spark.sql.types.DataTypeSuite" time="0.001">
</testcase>
  <testcase 
  name="fieldsMap returns map of name to StructField" classname="org.apache.spark.sql.types.DataTypeSuite" time="0.0">
</testcase>
  <testcase 
  name="fieldNames and names returns field names" classname="org.apache.spark.sql.types.DataTypeSuite" time="0.0">
</testcase>
  <testcase 
  name="merge where right contains type conflict" classname="org.apache.spark.sql.types.DataTypeSuite" time="0.002">
</testcase>
  <testcase 
  name="existsRecursively" classname="org.apache.spark.sql.types.DataTypeSuite" time="0.002">
</testcase>
  <testcase 
  name="from Json - NullType" classname="org.apache.spark.sql.types.DataTypeSuite" time="0.021">
</testcase>
  <testcase 
  name="from Json - BooleanType" classname="org.apache.spark.sql.types.DataTypeSuite" time="0.0">
</testcase>
  <testcase 
  name="from DDL - BooleanType" classname="org.apache.spark.sql.types.DataTypeSuite" time="0.001">
</testcase>
  <testcase 
  name="from Json - ByteType" classname="org.apache.spark.sql.types.DataTypeSuite" time="0.0">
</testcase>
  <testcase 
  name="from DDL - ByteType" classname="org.apache.spark.sql.types.DataTypeSuite" time="0.0">
</testcase>
  <testcase 
  name="from Json - ShortType" classname="org.apache.spark.sql.types.DataTypeSuite" time="0.0">
</testcase>
  <testcase 
  name="from DDL - ShortType" classname="org.apache.spark.sql.types.DataTypeSuite" time="0.0">
</testcase>
  <testcase 
  name="from Json - IntegerType" classname="org.apache.spark.sql.types.DataTypeSuite" time="0.0">
</testcase>
  <testcase 
  name="from DDL - IntegerType" classname="org.apache.spark.sql.types.DataTypeSuite" time="0.0">
</testcase>
  <testcase 
  name="from Json - LongType" classname="org.apache.spark.sql.types.DataTypeSuite" time="0.0">
</testcase>
  <testcase 
  name="from DDL - LongType" classname="org.apache.spark.sql.types.DataTypeSuite" time="0.0">
</testcase>
  <testcase 
  name="from Json - FloatType" classname="org.apache.spark.sql.types.DataTypeSuite" time="0.0">
</testcase>
  <testcase 
  name="from DDL - FloatType" classname="org.apache.spark.sql.types.DataTypeSuite" time="0.0">
</testcase>
  <testcase 
  name="from Json - DoubleType" classname="org.apache.spark.sql.types.DataTypeSuite" time="0.0">
</testcase>
  <testcase 
  name="from DDL - DoubleType" classname="org.apache.spark.sql.types.DataTypeSuite" time="0.0">
</testcase>
  <testcase 
  name="from Json - DecimalType(10,5)" classname="org.apache.spark.sql.types.DataTypeSuite" time="0.0">
</testcase>
  <testcase 
  name="from DDL - DecimalType(10,5)" classname="org.apache.spark.sql.types.DataTypeSuite" time="0.001">
</testcase>
  <testcase 
  name="from Json - DecimalType(38,18)" classname="org.apache.spark.sql.types.DataTypeSuite" time="0.0">
</testcase>
  <testcase 
  name="from DDL - DecimalType(38,18)" classname="org.apache.spark.sql.types.DataTypeSuite" time="0.0">
</testcase>
  <testcase 
  name="from Json - DateType" classname="org.apache.spark.sql.types.DataTypeSuite" time="0.0">
</testcase>
  <testcase 
  name="from DDL - DateType" classname="org.apache.spark.sql.types.DataTypeSuite" time="0.0">
</testcase>
  <testcase 
  name="from Json - TimestampType" classname="org.apache.spark.sql.types.DataTypeSuite" time="0.001">
</testcase>
  <testcase 
  name="from DDL - TimestampType" classname="org.apache.spark.sql.types.DataTypeSuite" time="0.0">
</testcase>
  <testcase 
  name="from Json - StringType" classname="org.apache.spark.sql.types.DataTypeSuite" time="0.0">
</testcase>
  <testcase 
  name="from DDL - StringType" classname="org.apache.spark.sql.types.DataTypeSuite" time="0.0">
</testcase>
  <testcase 
  name="from Json - BinaryType" classname="org.apache.spark.sql.types.DataTypeSuite" time="0.0">
</testcase>
  <testcase 
  name="from DDL - BinaryType" classname="org.apache.spark.sql.types.DataTypeSuite" time="0.0">
</testcase>
  <testcase 
  name="from Json - ArrayType(DoubleType,true)" classname="org.apache.spark.sql.types.DataTypeSuite" time="0.003">
</testcase>
  <testcase 
  name="from DDL - ArrayType(DoubleType,true)" classname="org.apache.spark.sql.types.DataTypeSuite" time="0.0">
</testcase>
  <testcase 
  name="from Json - ArrayType(StringType,false)" classname="org.apache.spark.sql.types.DataTypeSuite" time="0.0">
</testcase>
  <testcase 
  name="from DDL - ArrayType(StringType,false)" classname="org.apache.spark.sql.types.DataTypeSuite" time="0.0">
</testcase>
  <testcase 
  name="from Json - MapType(IntegerType,StringType,true)" classname="org.apache.spark.sql.types.DataTypeSuite" time="0.001">
</testcase>
  <testcase 
  name="from DDL - MapType(IntegerType,StringType,true)" classname="org.apache.spark.sql.types.DataTypeSuite" time="0.001">
</testcase>
  <testcase 
  name="from Json - MapType(IntegerType,ArrayType(DoubleType,true),false)" classname="org.apache.spark.sql.types.DataTypeSuite" time="0.0">
</testcase>
  <testcase 
  name="from DDL - MapType(IntegerType,ArrayType(DoubleType,true),false)" classname="org.apache.spark.sql.types.DataTypeSuite" time="0.0">
</testcase>
  <testcase 
  name="from Json - StructType(StructField(a,IntegerType,true), StructField(b,ArrayType(DoubleType,true),false), StructField(c,DoubleType,false))" classname="org.apache.spark.sql.types.DataTypeSuite" time="0.003">
</testcase>
  <testcase 
  name="from DDL - StructType(StructField(a,IntegerType,true), StructField(b,ArrayType(DoubleType,true),false), StructField(c,DoubleType,false))" classname="org.apache.spark.sql.types.DataTypeSuite" time="0.0">
</testcase>
  <testcase 
  name="fromJson throws an exception when given type string is invalid" classname="org.apache.spark.sql.types.DataTypeSuite" time="0.002">
</testcase>
  <testcase 
  name="Check the default size of NullType" classname="org.apache.spark.sql.types.DataTypeSuite" time="0.001">
</testcase>
  <testcase 
  name="Check the default size of BooleanType" classname="org.apache.spark.sql.types.DataTypeSuite" time="0.0">
</testcase>
  <testcase 
  name="Check the default size of ByteType" classname="org.apache.spark.sql.types.DataTypeSuite" time="0.0">
</testcase>
  <testcase 
  name="Check the default size of ShortType" classname="org.apache.spark.sql.types.DataTypeSuite" time="0.0">
</testcase>
  <testcase 
  name="Check the default size of IntegerType" classname="org.apache.spark.sql.types.DataTypeSuite" time="0.0">
</testcase>
  <testcase 
  name="Check the default size of LongType" classname="org.apache.spark.sql.types.DataTypeSuite" time="0.0">
</testcase>
  <testcase 
  name="Check the default size of FloatType" classname="org.apache.spark.sql.types.DataTypeSuite" time="0.0">
</testcase>
  <testcase 
  name="Check the default size of DoubleType" classname="org.apache.spark.sql.types.DataTypeSuite" time="0.0">
</testcase>
  <testcase 
  name="Check the default size of DecimalType(10,5)" classname="org.apache.spark.sql.types.DataTypeSuite" time="0.0">
</testcase>
  <testcase 
  name="Check the default size of DecimalType(38,18)" classname="org.apache.spark.sql.types.DataTypeSuite" time="0.001">
</testcase>
  <testcase 
  name="Check the default size of DateType" classname="org.apache.spark.sql.types.DataTypeSuite" time="0.0">
</testcase>
  <testcase 
  name="Check the default size of TimestampType" classname="org.apache.spark.sql.types.DataTypeSuite" time="0.0">
</testcase>
  <testcase 
  name="Check the default size of StringType" classname="org.apache.spark.sql.types.DataTypeSuite" time="0.0">
</testcase>
  <testcase 
  name="Check the default size of BinaryType" classname="org.apache.spark.sql.types.DataTypeSuite" time="0.0">
</testcase>
  <testcase 
  name="Check the default size of ArrayType(DoubleType,true)" classname="org.apache.spark.sql.types.DataTypeSuite" time="0.0">
</testcase>
  <testcase 
  name="Check the default size of ArrayType(StringType,false)" classname="org.apache.spark.sql.types.DataTypeSuite" time="0.0">
</testcase>
  <testcase 
  name="Check the default size of MapType(IntegerType,StringType,true)" classname="org.apache.spark.sql.types.DataTypeSuite" time="0.0">
</testcase>
  <testcase 
  name="Check the default size of MapType(IntegerType,ArrayType(DoubleType,true),false)" classname="org.apache.spark.sql.types.DataTypeSuite" time="0.0">
</testcase>
  <testcase 
  name="Check the default size of StructType(StructField(a,IntegerType,true), StructField(b,ArrayType(DoubleType,true),false), StructField(c,DoubleType,false))" classname="org.apache.spark.sql.types.DataTypeSuite" time="0.001">
</testcase>
  <testcase 
  name="equalsIgnoreCompatibleNullability: (from: ArrayType(DoubleType,true), to: ArrayType(DoubleType,true))" classname="org.apache.spark.sql.types.DataTypeSuite" time="0.0">
</testcase>
  <testcase 
  name="equalsIgnoreCompatibleNullability: (from: ArrayType(DoubleType,false), to: ArrayType(DoubleType,false))" classname="org.apache.spark.sql.types.DataTypeSuite" time="0.0">
</testcase>
  <testcase 
  name="equalsIgnoreCompatibleNullability: (from: ArrayType(DoubleType,false), to: ArrayType(DoubleType,true))" classname="org.apache.spark.sql.types.DataTypeSuite" time="0.0">
</testcase>
  <testcase 
  name="equalsIgnoreCompatibleNullability: (from: ArrayType(DoubleType,true), to: ArrayType(DoubleType,false))" classname="org.apache.spark.sql.types.DataTypeSuite" time="0.0">
</testcase>
  <testcase 
  name="equalsIgnoreCompatibleNullability: (from: ArrayType(DoubleType,false), to: ArrayType(StringType,false))" classname="org.apache.spark.sql.types.DataTypeSuite" time="0.0">
</testcase>
  <testcase 
  name="equalsIgnoreCompatibleNullability: (from: MapType(StringType,DoubleType,true), to: MapType(StringType,DoubleType,true))" classname="org.apache.spark.sql.types.DataTypeSuite" time="0.0">
</testcase>
  <testcase 
  name="equalsIgnoreCompatibleNullability: (from: MapType(StringType,DoubleType,false), to: MapType(StringType,DoubleType,false))" classname="org.apache.spark.sql.types.DataTypeSuite" time="0.0">
</testcase>
  <testcase 
  name="equalsIgnoreCompatibleNullability: (from: MapType(StringType,DoubleType,false), to: MapType(StringType,DoubleType,true))" classname="org.apache.spark.sql.types.DataTypeSuite" time="0.0">
</testcase>
  <testcase 
  name="equalsIgnoreCompatibleNullability: (from: MapType(StringType,DoubleType,true), to: MapType(StringType,DoubleType,false))" classname="org.apache.spark.sql.types.DataTypeSuite" time="0.0">
</testcase>
  <testcase 
  name="equalsIgnoreCompatibleNullability: (from: MapType(StringType,ArrayType(IntegerType,true),true), to: MapType(StringType,ArrayType(IntegerType,false),true))" classname="org.apache.spark.sql.types.DataTypeSuite" time="0.0">
</testcase>
  <testcase 
  name="equalsIgnoreCompatibleNullability: (from: MapType(StringType,ArrayType(IntegerType,false),true), to: MapType(StringType,ArrayType(IntegerType,true),true))" classname="org.apache.spark.sql.types.DataTypeSuite" time="0.0">
</testcase>
  <testcase 
  name="equalsIgnoreCompatibleNullability: (from: StructType(StructField(a,StringType,true)), to: StructType(StructField(a,StringType,true)))" classname="org.apache.spark.sql.types.DataTypeSuite" time="0.0">
</testcase>
  <testcase 
  name="equalsIgnoreCompatibleNullability: (from: StructType(StructField(a,StringType,false)), to: StructType(StructField(a,StringType,false)))" classname="org.apache.spark.sql.types.DataTypeSuite" time="0.0">
</testcase>
  <testcase 
  name="equalsIgnoreCompatibleNullability: (from: StructType(StructField(a,StringType,false)), to: StructType(StructField(a,StringType,true)))" classname="org.apache.spark.sql.types.DataTypeSuite" time="0.0">
</testcase>
  <testcase 
  name="equalsIgnoreCompatibleNullability: (from: StructType(StructField(a,StringType,true)), to: StructType(StructField(a,StringType,false)))" classname="org.apache.spark.sql.types.DataTypeSuite" time="0.0">
</testcase>
  <testcase 
  name="equalsIgnoreCompatibleNullability: (from: StructType(StructField(a,StringType,false), StructField(b,StringType,true)), to: StructType(StructField(a,StringType,false), StructField(b,StringType,false)))" classname="org.apache.spark.sql.types.DataTypeSuite" time="0.0">
</testcase>
  <testcase 
  name="catalogString: BooleanType" classname="org.apache.spark.sql.types.DataTypeSuite" time="0.001">
</testcase>
  <testcase 
  name="catalogString: ByteType" classname="org.apache.spark.sql.types.DataTypeSuite" time="0.0">
</testcase>
  <testcase 
  name="catalogString: ShortType" classname="org.apache.spark.sql.types.DataTypeSuite" time="0.0">
</testcase>
  <testcase 
  name="catalogString: IntegerType" classname="org.apache.spark.sql.types.DataTypeSuite" time="0.0">
</testcase>
  <testcase 
  name="catalogString: LongType" classname="org.apache.spark.sql.types.DataTypeSuite" time="0.0">
</testcase>
  <testcase 
  name="catalogString: FloatType" classname="org.apache.spark.sql.types.DataTypeSuite" time="0.0">
</testcase>
  <testcase 
  name="catalogString: DoubleType" classname="org.apache.spark.sql.types.DataTypeSuite" time="0.0">
</testcase>
  <testcase 
  name="catalogString: DecimalType(10,5)" classname="org.apache.spark.sql.types.DataTypeSuite" time="0.0">
</testcase>
  <testcase 
  name="catalogString: BinaryType" classname="org.apache.spark.sql.types.DataTypeSuite" time="0.0">
</testcase>
  <testcase 
  name="catalogString: StringType" classname="org.apache.spark.sql.types.DataTypeSuite" time="0.0">
</testcase>
  <testcase 
  name="catalogString: DateType" classname="org.apache.spark.sql.types.DataTypeSuite" time="0.0">
</testcase>
  <testcase 
  name="catalogString: TimestampType" classname="org.apache.spark.sql.types.DataTypeSuite" time="0.0">
</testcase>
  <testcase 
  name="catalogString: StructType(StructField(col0,IntegerType,true), StructField(col1,IntegerType,true), StructField(col2,IntegerType,true), StructField(col3,IntegerType,true))" classname="org.apache.spark.sql.types.DataTypeSuite" time="0.001">
</testcase>
  <testcase 
  name="catalogString: StructType(StructField(col0,IntegerType,true), StructField(col1,IntegerType,true), StructField(col2,IntegerType,true), StructField(col3,IntegerType,true), StructField(col4,IntegerType,true), StructField(col5,IntegerType,true), StructField(col6,IntegerType,true), StructField(col7,IntegerType,true), StructField(col8,IntegerType,true), StructField(col9,IntegerType,true), StructField(col10,IntegerType,true), StructField(col11,IntegerType,true), StructField(col12,IntegerType,true), StructField(col13,IntegerType,true), StructField(col14,IntegerType,true), StructField(col15,IntegerType,true), StructField(col16,IntegerType,true), StructField(col17,IntegerType,true), StructField(col18,IntegerType,true), StructField(col19,IntegerType,true), StructField(col20,IntegerType,true), StructField(col21,IntegerType,true), StructField(col22,IntegerType,true), StructField(col23,IntegerType,true), StructField(col24,IntegerType,true), StructField(col25,IntegerType,true), StructField(col26,IntegerType,true), StructField(col27,IntegerType,true), StructField(col28,IntegerType,true), StructField(col29,IntegerType,true), StructField(col30,IntegerType,true), StructField(col31,IntegerType,true), StructField(col32,IntegerType,true), StructField(col33,IntegerType,true), StructField(col34,IntegerType,true), StructField(col35,IntegerType,true), StructField(col36,IntegerType,true), StructField(col37,IntegerType,true), StructField(col38,IntegerType,true), StructField(col39,IntegerType,true))" classname="org.apache.spark.sql.types.DataTypeSuite" time="0.001">
</testcase>
  <testcase 
  name="catalogString: ArrayType(IntegerType,true)" classname="org.apache.spark.sql.types.DataTypeSuite" time="0.0">
</testcase>
  <testcase 
  name="catalogString: ArrayType(StructType(StructField(col0,IntegerType,true), StructField(col1,IntegerType,true), StructField(col2,IntegerType,true), StructField(col3,IntegerType,true), StructField(col4,IntegerType,true), StructField(col5,IntegerType,true), StructField(col6,IntegerType,true), StructField(col7,IntegerType,true), StructField(col8,IntegerType,true), StructField(col9,IntegerType,true), StructField(col10,IntegerType,true), StructField(col11,IntegerType,true), StructField(col12,IntegerType,true), StructField(col13,IntegerType,true), StructField(col14,IntegerType,true), StructField(col15,IntegerType,true), StructField(col16,IntegerType,true), StructField(col17,IntegerType,true), StructField(col18,IntegerType,true), StructField(col19,IntegerType,true), StructField(col20,IntegerType,true), StructField(col21,IntegerType,true), StructField(col22,IntegerType,true), StructField(col23,IntegerType,true), StructField(col24,IntegerType,true), StructField(col25,IntegerType,true), StructField(col26,IntegerType,true), StructField(col27,IntegerType,true), StructField(col28,IntegerType,true), StructField(col29,IntegerType,true), StructField(col30,IntegerType,true), StructField(col31,IntegerType,true), StructField(col32,IntegerType,true), StructField(col33,IntegerType,true), StructField(col34,IntegerType,true), StructField(col35,IntegerType,true), StructField(col36,IntegerType,true), StructField(col37,IntegerType,true), StructField(col38,IntegerType,true), StructField(col39,IntegerType,true)),true)" classname="org.apache.spark.sql.types.DataTypeSuite" time="0.001">
</testcase>
  <testcase 
  name="catalogString: MapType(IntegerType,StringType,true)" classname="org.apache.spark.sql.types.DataTypeSuite" time="0.0">
</testcase>
  <testcase 
  name="catalogString: MapType(IntegerType,StructType(StructField(col0,IntegerType,true), StructField(col1,IntegerType,true), StructField(col2,IntegerType,true), StructField(col3,IntegerType,true), StructField(col4,IntegerType,true), StructField(col5,IntegerType,true), StructField(col6,IntegerType,true), StructField(col7,IntegerType,true), StructField(col8,IntegerType,true), StructField(col9,IntegerType,true), StructField(col10,IntegerType,true), StructField(col11,IntegerType,true), StructField(col12,IntegerType,true), StructField(col13,IntegerType,true), StructField(col14,IntegerType,true), StructField(col15,IntegerType,true), StructField(col16,IntegerType,true), StructField(col17,IntegerType,true), StructField(col18,IntegerType,true), StructField(col19,IntegerType,true), StructField(col20,IntegerType,true), StructField(col21,IntegerType,true), StructField(col22,IntegerType,true), StructField(col23,IntegerType,true), StructField(col24,IntegerType,true), StructField(col25,IntegerType,true), StructField(col26,IntegerType,true), StructField(col27,IntegerType,true), StructField(col28,IntegerType,true), StructField(col29,IntegerType,true), StructField(col30,IntegerType,true), StructField(col31,IntegerType,true), StructField(col32,IntegerType,true), StructField(col33,IntegerType,true), StructField(col34,IntegerType,true), StructField(col35,IntegerType,true), StructField(col36,IntegerType,true), StructField(col37,IntegerType,true), StructField(col38,IntegerType,true), StructField(col39,IntegerType,true)),true)" classname="org.apache.spark.sql.types.DataTypeSuite" time="0.002">
</testcase>
  <testcase 
  name="equalsStructurally: (from: BooleanType, to: BooleanType)" classname="org.apache.spark.sql.types.DataTypeSuite" time="0.0">
</testcase>
  <testcase 
  name="equalsStructurally: (from: IntegerType, to: IntegerType)" classname="org.apache.spark.sql.types.DataTypeSuite" time="0.0">
</testcase>
  <testcase 
  name="equalsStructurally: (from: IntegerType, to: LongType)" classname="org.apache.spark.sql.types.DataTypeSuite" time="0.0">
</testcase>
  <testcase 
  name="equalsStructurally: (from: ArrayType(IntegerType,true), to: ArrayType(IntegerType,true))" classname="org.apache.spark.sql.types.DataTypeSuite" time="0.0">
</testcase>
  <testcase 
  name="equalsStructurally: (from: ArrayType(IntegerType,true), to: ArrayType(IntegerType,false))" classname="org.apache.spark.sql.types.DataTypeSuite" time="0.001">
</testcase>
  <testcase 
  name="equalsStructurally: (from: StructType(StructField(f1,IntegerType,true)), to: StructType(StructField(f2,IntegerType,true)))" classname="org.apache.spark.sql.types.DataTypeSuite" time="0.0">
</testcase>
  <testcase 
  name="equalsStructurally: (from: StructType(StructField(f1,IntegerType,true)), to: StructType(StructField(f2,IntegerType,false)))" classname="org.apache.spark.sql.types.DataTypeSuite" time="0.0">
</testcase>
  <testcase 
  name="equalsStructurally: (from: StructType(StructField(f1,IntegerType,true), StructField(f,StructType(StructField(f2,StringType,true)),true)), to: StructType(StructField(f2,IntegerType,true), StructField(g,StructType(StructField(f1,StringType,true)),true)))" classname="org.apache.spark.sql.types.DataTypeSuite" time="0.0">
</testcase>
  <testcase 
  name="equalsStructurally: (from: StructType(StructField(f1,IntegerType,true), StructField(f,StructType(StructField(f2,StringType,false)),true)), to: StructType(StructField(f2,IntegerType,true), StructField(g,StructType(StructField(f1,StringType,true)),true)))" classname="org.apache.spark.sql.types.DataTypeSuite" time="0.001">
</testcase>
  <testcase 
  name="SPARK-25031: MapType should produce current formatted string for complex types" classname="org.apache.spark.sql.types.DataTypeSuite" time="0.0">
</testcase>
  <system-out><![CDATA[]]></system-out>
  <system-err><![CDATA[]]></system-err>
</testsuite>
